<?xml version="1.0" encoding="UTF-8"?>
<testng-results skipped="1" failed="17" ignored="22" total="61" passed="21">
  <reporter-output>
    <line>
      <![CDATA[Extent Report DirectoryE:\GreenGroup\MTA\target\surefire-reports\html]]>
    </line>
    <line>
      <![CDATA[TestMongoDB: insert Language List Test]]>
    </line>
    <line>
      <![CDATA[TestMongoDB: inser Data Into Database]]>
    </line>
    <line>
      <![CDATA[TestMongoDB: read Data Test]]>
    </line>
    <line>
      <![CDATA[TestMongoDB: read Data]]>
    </line>
    <line>
      <![CDATA[GoogleSheetPageTest: dd]]>
    </line>
    <line>
      <![CDATA[GoogleSheetPageTest: test Log In By Invalid Id Pass Using Google Sheet]]>
    </line>
    <line>
      <![CDATA[GoogleSheetPageTest: sign In By Invalid Id Pass]]>
    </line>
    <line>
      <![CDATA[GoogleSheetPageTest: get Spread Sheet Records]]>
    </line>
    <line>
      <![CDATA[GoogleSheetPageTest: get Spread Sheet Records]]>
    </line>
    <line>
      <![CDATA[TestFeatures: test Sign In Key Word]]>
    </line>
    <line>
      <![CDATA[InputFromXls: Sign In By Key Word]]>
    </line>
    <line>
      <![CDATA[InputFromXls: click On Sign Up]]>
    </line>
    <line>
      <![CDATA[InputFromXls: input Username]]>
    </line>
    <line>
      <![CDATA[InputFromXls: input Password]]>
    </line>
    <line>
      <![CDATA[InputFromXls: click On Login Button]]>
    </line>
    <line>
      <![CDATA[TestFeatures: test Sign Inithvalid Id And Password]]>
    </line>
    <line>
      <![CDATA[FeatureForKeyWord: click On Sign Up]]>
    </line>
    <line>
      <![CDATA[TestPlannedService: Test Plan]]>
    </line>
    <line>
      <![CDATA[TestPlannedService: get Plan]]>
    </line>
    <line>
      <![CDATA[TestPlannedService: text Plan Test]]>
    </line>
    <line>
      <![CDATA[TestPlannedService: text Plan]]>
    </line>
    <line>
      <![CDATA[TestServiceStatus: check Bridge]]>
    </line>
    <line>
      <![CDATA[TestServiceStatus: check Bus Tab]]>
    </line>
    <line>
      <![CDATA[TestServiceStatus: cick On Bus]]>
    </line>
    <line>
      <![CDATA[TestServiceStatus: language Options]]>
    </line>
    <line>
      <![CDATA[TestServiceStatus: select Language]]>
    </line>
    <line>
      <![CDATA[TestServiceStatus: test Input Box]]>
    </line>
    <line>
      <![CDATA[TestServiceStatus: search Input]]>
    </line>
    <line>
      <![CDATA[TestSpecialServiceNotice: i Frame Test]]>
    </line>
    <line>
      <![CDATA[TestSpecialServiceNotice: switch To Frame]]>
    </line>
    <line>
      <![CDATA[TestSpecialServiceNotice: image Size Test]]>
    </line>
    <line>
      <![CDATA[TestSpecialServiceNotice: get Image Info]]>
    </line>
    <line>
      <![CDATA[TestSpecialServiceNotice: st 238 Test]]>
    </line>
    <line>
      <![CDATA[TestSpecialServiceNotice: click On 238 St]]>
    </line>
    <line>
      <![CDATA[TestTripPlanner: test Arrival]]>
    </line>
    <line>
      <![CDATA[TestTripPlanner: arrival]]>
    </line>
    <line>
      <![CDATA[TestTripPlanner: test Form]]>
    </line>
    <line>
      <![CDATA[TestTripPlanner: fill Out Form]]>
    </line>
    <line>
      <![CDATA[TestDoingBusiness: test Ad On Mta Card]]>
    </line>
    <line>
      <![CDATA[TestDoingBusiness: click On Ad On Mta Card]]>
    </line>
    <line>
      <![CDATA[TestDoingBusiness: click On Doing Business]]>
    </line>
    <line>
      <![CDATA[TestDoingBusiness: test Business Item]]>
    </line>
    <line>
      <![CDATA[TestDoingBusiness: click On Doing Business Items]]>
    </line>
    <line>
      <![CDATA[TestDoingBusiness: get Doing Business Title]]>
    </line>
    <line>
      <![CDATA[TestDoingBusiness: test Doing Business]]>
    </line>
    <line>
      <![CDATA[TestDoingBusiness: click On Doing Business]]>
    </line>
    <line>
      <![CDATA[cliking on schedule]]>
    </line>
    <line>
      <![CDATA[ScheduleTest: click On Schedule]]>
    </line>
    <line>
      <![CDATA[ScheduleTest: click On Schedule]]>
    </line>
    <line>
      <![CDATA[TestMtaInfo: About Mta Test]]>
    </line>
    <line>
      <![CDATA[TestMtaInfo: about Mta]]>
    </line>
    <line>
      <![CDATA[TestMtaInfo: get Mta Title]]>
    </line>
    <line>
      <![CDATA[TestMtaInfo: Mta Title]]>
    </line>
    <line>
      <![CDATA[TestMtaInfo: test Finance]]>
    </line>
    <line>
      <![CDATA[TestMtaInfo: about Mta]]>
    </line>
    <line>
      <![CDATA[TestMtaInfo: test Mta Info]]>
    </line>
    <line>
      <![CDATA[TestMtaInfo: click On Mta Info]]>
    </line>
    <line>
      <![CDATA[TestMtaInfo: test Mta Police Search]]>
    </line>
    <line>
      <![CDATA[TestMtaInfo: mta Police]]>
    </line>
    <line>
      <![CDATA[TestMtaInfo: test Mta Police Search Box]]>
    </line>
    <line>
      <![CDATA[TestMtaInfo: mta Police Search Box]]>
    </line>
    <line>
      <![CDATA[TestMtaInfo: mta Police]]>
    </line>
    <line>
      <![CDATA[TestMtaInfo: test Navigate]]>
    </line>
    <line>
      <![CDATA[TestMtaInfo: navigate Back Mta]]>
    </line>
    <line>
      <![CDATA[TestHomePageMyMtaAlert: sign In]]>
    </line>
    <line>
      <![CDATA[TestHomePageMyMtaAlert: click Onsign Up]]>
    </line>
    <line>
      <![CDATA[TestHomePageMyMtaAlert: sign Up Data For Xls]]>
    </line>
    <line>
      <![CDATA[In Sign In Page]]>
    </line>
    <line>
      <![CDATA[Username: Fahim]]>
    </line>
    <line>
      <![CDATA[Password: 12345.0]]>
    </line>
    <line>
      <![CDATA[Test Passed]]>
    </line>
    <line>
      <![CDATA[TestHomePageMyMtaAlert: sign In]]>
    </line>
    <line>
      <![CDATA[TestHomePageMyMtaAlert: click Onsign Up]]>
    </line>
    <line>
      <![CDATA[TestHomePageMyMtaAlert: sign Up Data For Xls]]>
    </line>
    <line>
      <![CDATA[In Sign In Page]]>
    </line>
    <line>
      <![CDATA[Username: Fahim1988]]>
    </line>
    <line>
      <![CDATA[Password: mun34119]]>
    </line>
    <line>
      <![CDATA[Test Passed]]>
    </line>
    <line>
      <![CDATA[TestHomePageMyMtaAlert: test]]>
    </line>
    <line>
      <![CDATA[TestHomePageMyMtaAlert: click Onsign Up]]>
    </line>
    <line>
      <![CDATA[TestHomePageMyMtaAlert: sign Up Data For Xls]]>
    </line>
    <line>
      <![CDATA[TestHomePageMyMtaAlert: test Mymta Home Page]]>
    </line>
    <line>
      <![CDATA[TestHomePageMyMtaAlert: click Onsign Up]]>
    </line>
    <line>
      <![CDATA[TestTransperancy: Test Hovering]]>
    </line>
    <line>
      <![CDATA[TestTransperancy: Transperancy By Css]]>
    </line>
    <line>
      <![CDATA[TestTransperancy: test Get Text]]>
    </line>
    <line>
      <![CDATA[TestTransperancy: get Title From Capital Program]]>
    </line>
    <line>
      <![CDATA[TestTransperancy: hover Transperancy]]>
    </line>
    <line>
      <![CDATA[TestTransperancy: test Transperancy Hover]]>
    </line>
    <line>
      <![CDATA[TestTransperancy: hover Transperancy]]>
    </line>
    <line>
      <![CDATA[TestServiceStatus: click On Status Services Components]]>
    </line>
  </reporter-output>
  <suite name="Surefire suite" duration-ms="629378" started-at="2018-10-05T21:39:33Z" finished-at="2018-10-05T21:50:03Z">
    <groups>
    </groups>
    <test name="Surefire test" duration-ms="629378" started-at="2018-10-05T21:39:33Z" finished-at="2018-10-05T21:50:03Z">
      <class name="testMtaInfo.TestMtaInfo">
        <test-method status="PASS" signature="setUp(boolean, java.lang.String, java.lang.String, java.lang.String, java.lang.String, java.lang.String, java.lang.String)[pri:0, instance:testMtaInfo.TestMtaInfo@1ce92674]" name="setUp" is-config="true" duration-ms="4763" started-at="2018-10-05T21:46:22Z" finished-at="2018-10-05T21:46:27Z">
          <params>
            <param index="0">
              <value>
                <![CDATA[false]]>
              </value>
            </param>
            <param index="1">
              <value>
                <![CDATA[false]]>
              </value>
            </param>
            <param index="2">
              <value>
                <![CDATA[windows]]>
              </value>
            </param>
            <param index="3">
              <value>
                <![CDATA[10]]>
              </value>
            </param>
            <param index="4">
              <value>
                <![CDATA[chrome-options]]>
              </value>
            </param>
            <param index="5">
              <value>
                <![CDATA[60]]>
              </value>
            </param>
            <param index="6">
              <value>
                <![CDATA[http://www.mta.info]]>
              </value>
            </param>
          </params>
          <reporter-output>
          </reporter-output>
        </test-method> <!-- setUp -->
        <test-method status="PASS" signature="startExtent(java.lang.reflect.Method)[pri:0, instance:testMtaInfo.TestMtaInfo@1ce92674]" name="startExtent" is-config="true" duration-ms="0" started-at="2018-10-05T21:46:27Z" finished-at="2018-10-05T21:46:27Z">
          <params>
            <param index="0">
              <value>
                <![CDATA[public void testMtaInfo.TestMtaInfo.AboutMtaTest()]]>
              </value>
            </param>
          </params>
          <reporter-output>
          </reporter-output>
        </test-method> <!-- startExtent -->
        <test-method status="PASS" signature="init()[pri:0, instance:testMtaInfo.TestMtaInfo@1ce92674]" name="init" is-config="true" duration-ms="1" started-at="2018-10-05T21:46:27Z" finished-at="2018-10-05T21:46:27Z">
          <reporter-output>
          </reporter-output>
        </test-method> <!-- init -->
        <test-method status="FAIL" signature="AboutMtaTest()[pri:0, instance:testMtaInfo.TestMtaInfo@1ce92674]" name="AboutMtaTest" duration-ms="10036" started-at="2018-10-05T21:46:27Z" finished-at="2018-10-05T21:46:37Z">
          <exception class="org.openqa.selenium.NoSuchElementException">
            <message>
              <![CDATA[no such element: Unable to locate element: {"method":"xpath","selector":"//a[contains(text(),'MTA Info')]"}
  (Session info: chrome=69.0.3497.100)
  (Driver info: chromedriver=2.42.591088 (7b2b2dca23cca0862f674758c9a3933e685c27d5),platform=Windows NT 10.0.17134 x86_64) (WARNING: The server did not provide any stacktrace information)
Command duration or timeout: 0 milliseconds
For documentation on this error, please visit: http://seleniumhq.org/exceptions/no_such_element.html
Build info: version: '3.14.0', revision: 'aacccce0', time: '2018-08-02T20:19:58.91Z'
System info: host: 'FAHIM-AHMED-198', ip: '192.168.141.1', os.name: 'Windows 10', os.arch: 'amd64', os.version: '10.0', java.version: '1.8.0_181'
Driver info: org.openqa.selenium.chrome.ChromeDriver
Capabilities {acceptInsecureCerts: false, acceptSslCerts: false, applicationCacheEnabled: false, browserConnectionEnabled: false, browserName: chrome, chrome: {chromedriverVersion: 2.42.591088 (7b2b2dca23cca0..., userDataDir: C:\Users\Owner\AppData\Loca...}, cssSelectorsEnabled: true, databaseEnabled: false, goog:chromeOptions: {debuggerAddress: localhost:60942}, handlesAlerts: true, hasTouchScreen: false, javascriptEnabled: true, locationContextEnabled: true, mobileEmulationEnabled: false, nativeEvents: true, networkConnectionEnabled: false, pageLoadStrategy: normal, platform: XP, platformName: XP, rotatable: false, setWindowRect: true, takesHeapSnapshot: true, takesScreenshot: true, unexpectedAlertBehaviour: , unhandledPromptBehavior: , version: 69.0.3497.100, webStorageEnabled: true}
Session ID: d6a01d2bb3188f8af21e29059607104a
*** Element info: {Using=xpath, value=//a[contains(text(),'MTA Info')]}]]>
            </message>
            <full-stacktrace>
              <![CDATA[org.openqa.selenium.NoSuchElementException: no such element: Unable to locate element: {"method":"xpath","selector":"//a[contains(text(),'MTA Info')]"}
  (Session info: chrome=69.0.3497.100)
  (Driver info: chromedriver=2.42.591088 (7b2b2dca23cca0862f674758c9a3933e685c27d5),platform=Windows NT 10.0.17134 x86_64) (WARNING: The server did not provide any stacktrace information)
Command duration or timeout: 0 milliseconds
For documentation on this error, please visit: http://seleniumhq.org/exceptions/no_such_element.html
Build info: version: '3.14.0', revision: 'aacccce0', time: '2018-08-02T20:19:58.91Z'
System info: host: 'FAHIM-AHMED-198', ip: '192.168.141.1', os.name: 'Windows 10', os.arch: 'amd64', os.version: '10.0', java.version: '1.8.0_181'
Driver info: org.openqa.selenium.chrome.ChromeDriver
Capabilities {acceptInsecureCerts: false, acceptSslCerts: false, applicationCacheEnabled: false, browserConnectionEnabled: false, browserName: chrome, chrome: {chromedriverVersion: 2.42.591088 (7b2b2dca23cca0..., userDataDir: C:\Users\Owner\AppData\Loca...}, cssSelectorsEnabled: true, databaseEnabled: false, goog:chromeOptions: {debuggerAddress: localhost:60942}, handlesAlerts: true, hasTouchScreen: false, javascriptEnabled: true, locationContextEnabled: true, mobileEmulationEnabled: false, nativeEvents: true, networkConnectionEnabled: false, pageLoadStrategy: normal, platform: XP, platformName: XP, rotatable: false, setWindowRect: true, takesHeapSnapshot: true, takesScreenshot: true, unexpectedAlertBehaviour: , unhandledPromptBehavior: , version: 69.0.3497.100, webStorageEnabled: true}
Session ID: d6a01d2bb3188f8af21e29059607104a
*** Element info: {Using=xpath, value=//a[contains(text(),'MTA Info')]}
at sun.reflect.NativeConstructorAccessorImpl.newInstance0(Native Method)
at sun.reflect.NativeConstructorAccessorImpl.newInstance(NativeConstructorAccessorImpl.java:62)
at sun.reflect.DelegatingConstructorAccessorImpl.newInstance(DelegatingConstructorAccessorImpl.java:45)
at java.lang.reflect.Constructor.newInstance(Constructor.java:423)
at org.openqa.selenium.remote.ErrorHandler.createThrowable(ErrorHandler.java:214)
at org.openqa.selenium.remote.ErrorHandler.throwIfResponseFailed(ErrorHandler.java:166)
at org.openqa.selenium.remote.http.JsonHttpResponseCodec.reconstructValue(JsonHttpResponseCodec.java:40)
at org.openqa.selenium.remote.http.AbstractHttpResponseCodec.decode(AbstractHttpResponseCodec.java:80)
at org.openqa.selenium.remote.http.AbstractHttpResponseCodec.decode(AbstractHttpResponseCodec.java:44)
at org.openqa.selenium.remote.HttpCommandExecutor.execute(HttpCommandExecutor.java:158)
at org.openqa.selenium.remote.service.DriverCommandExecutor.execute(DriverCommandExecutor.java:83)
at org.openqa.selenium.remote.RemoteWebDriver.execute(RemoteWebDriver.java:548)
at org.openqa.selenium.remote.RemoteWebDriver.findElement(RemoteWebDriver.java:322)
at org.openqa.selenium.remote.RemoteWebDriver.findElementByXPath(RemoteWebDriver.java:424)
at org.openqa.selenium.By$ByXPath.findElement(By.java:353)
at org.openqa.selenium.remote.RemoteWebDriver.findElement(RemoteWebDriver.java:314)
at org.openqa.selenium.support.pagefactory.DefaultElementLocator.findElement(DefaultElementLocator.java:69)
at org.openqa.selenium.support.pagefactory.internal.LocatingElementHandler.invoke(LocatingElementHandler.java:38)
at com.sun.proxy.$Proxy12.click(Unknown Source)
at pages.MtaInfo.aboutMta(MtaInfo.java:43)
at testMtaInfo.TestMtaInfo.AboutMtaTest(TestMtaInfo.java:29)
at sun.reflect.NativeMethodAccessorImpl.invoke0(Native Method)
at sun.reflect.NativeMethodAccessorImpl.invoke(NativeMethodAccessorImpl.java:62)
at sun.reflect.DelegatingMethodAccessorImpl.invoke(DelegatingMethodAccessorImpl.java:43)
at java.lang.reflect.Method.invoke(Method.java:498)
at org.testng.internal.MethodInvocationHelper.invokeMethod(MethodInvocationHelper.java:124)
at org.testng.internal.Invoker.invokeMethod(Invoker.java:583)
at org.testng.internal.Invoker.invokeTestMethod(Invoker.java:719)
at org.testng.internal.Invoker.invokeTestMethods(Invoker.java:989)
at org.testng.internal.TestMethodWorker.invokeTestMethods(TestMethodWorker.java:125)
at org.testng.internal.TestMethodWorker.run(TestMethodWorker.java:109)
at org.testng.TestRunner.privateRun(TestRunner.java:648)
at org.testng.TestRunner.run(TestRunner.java:505)
at org.testng.SuiteRunner.runTest(SuiteRunner.java:455)
at org.testng.SuiteRunner.runSequentially(SuiteRunner.java:450)
at org.testng.SuiteRunner.privateRun(SuiteRunner.java:415)
at org.testng.SuiteRunner.run(SuiteRunner.java:364)
at org.testng.SuiteRunnerWorker.runSuite(SuiteRunnerWorker.java:52)
at org.testng.SuiteRunnerWorker.run(SuiteRunnerWorker.java:84)
at org.testng.TestNG.runSuitesSequentially(TestNG.java:1208)
at org.testng.TestNG.runSuitesLocally(TestNG.java:1137)
at org.testng.TestNG.runSuites(TestNG.java:1049)
at org.testng.TestNG.run(TestNG.java:1017)
at org.apache.maven.surefire.testng.TestNGExecutor.run(TestNGExecutor.java:135)
at org.apache.maven.surefire.testng.TestNGDirectoryTestSuite.executeMulti(TestNGDirectoryTestSuite.java:193)
at org.apache.maven.surefire.testng.TestNGDirectoryTestSuite.execute(TestNGDirectoryTestSuite.java:94)
at org.apache.maven.surefire.testng.TestNGProvider.invoke(TestNGProvider.java:146)
at org.apache.maven.surefire.booter.ForkedBooter.invokeProviderInSameClassLoader(ForkedBooter.java:383)
at org.apache.maven.surefire.booter.ForkedBooter.runSuitesInProcess(ForkedBooter.java:344)
at org.apache.maven.surefire.booter.ForkedBooter.execute(ForkedBooter.java:125)
at org.apache.maven.surefire.booter.ForkedBooter.main(ForkedBooter.java:417)
]]>
            </full-stacktrace>
          </exception> <!-- org.openqa.selenium.NoSuchElementException -->
          <reporter-output>
            <line>
              <![CDATA[TestMtaInfo: About Mta Test]]>
            </line>
            <line>
              <![CDATA[TestMtaInfo: about Mta]]>
            </line>
          </reporter-output>
        </test-method> <!-- AboutMtaTest -->
        <test-method status="PASS" signature="afterEachTestMethod(org.testng.ITestResult)[pri:0, instance:testMtaInfo.TestMtaInfo@1ce92674]" name="afterEachTestMethod" is-config="true" duration-ms="1208" started-at="2018-10-05T21:46:37Z" finished-at="2018-10-05T21:46:38Z">
          <params>
            <param index="0">
              <value>
                <![CDATA[[TestResult name=AboutMtaTest status=FAILURE method=TestMtaInfo.AboutMtaTest()[pri:0, instance:testMtaInfo.TestMtaInfo@1ce92674] output=TestMtaInfo: About Mta Test]]]>
              </value>
            </param>
          </params>
          <reporter-output>
          </reporter-output>
        </test-method> <!-- afterEachTestMethod -->
        <test-method status="PASS" signature="cleanUp()[pri:0, instance:testMtaInfo.TestMtaInfo@1ce92674]" name="cleanUp" is-config="true" duration-ms="1" started-at="2018-10-05T21:46:38Z" finished-at="2018-10-05T21:46:38Z">
          <reporter-output>
          </reporter-output>
        </test-method> <!-- cleanUp -->
        <test-method status="PASS" signature="setUp(boolean, java.lang.String, java.lang.String, java.lang.String, java.lang.String, java.lang.String, java.lang.String)[pri:0, instance:testMtaInfo.TestMtaInfo@1ce92674]" name="setUp" is-config="true" duration-ms="4667" started-at="2018-10-05T21:46:38Z" finished-at="2018-10-05T21:46:43Z">
          <params>
            <param index="0">
              <value>
                <![CDATA[false]]>
              </value>
            </param>
            <param index="1">
              <value>
                <![CDATA[false]]>
              </value>
            </param>
            <param index="2">
              <value>
                <![CDATA[windows]]>
              </value>
            </param>
            <param index="3">
              <value>
                <![CDATA[10]]>
              </value>
            </param>
            <param index="4">
              <value>
                <![CDATA[chrome-options]]>
              </value>
            </param>
            <param index="5">
              <value>
                <![CDATA[60]]>
              </value>
            </param>
            <param index="6">
              <value>
                <![CDATA[http://www.mta.info]]>
              </value>
            </param>
          </params>
          <reporter-output>
          </reporter-output>
        </test-method> <!-- setUp -->
        <test-method status="PASS" signature="init()[pri:0, instance:testMtaInfo.TestMtaInfo@1ce92674]" name="init" is-config="true" duration-ms="2" started-at="2018-10-05T21:46:43Z" finished-at="2018-10-05T21:46:43Z">
          <reporter-output>
          </reporter-output>
        </test-method> <!-- init -->
        <test-method status="PASS" signature="startExtent(java.lang.reflect.Method)[pri:0, instance:testMtaInfo.TestMtaInfo@1ce92674]" name="startExtent" is-config="true" duration-ms="0" started-at="2018-10-05T21:46:43Z" finished-at="2018-10-05T21:46:43Z">
          <params>
            <param index="0">
              <value>
                <![CDATA[public void testMtaInfo.TestMtaInfo.getMtaTitle()]]>
              </value>
            </param>
          </params>
          <reporter-output>
          </reporter-output>
        </test-method> <!-- startExtent -->
        <test-method status="FAIL" signature="getMtaTitle()[pri:0, instance:testMtaInfo.TestMtaInfo@1ce92674]" name="getMtaTitle" duration-ms="10046" started-at="2018-10-05T21:46:43Z" finished-at="2018-10-05T21:46:53Z">
          <exception class="org.openqa.selenium.NoSuchElementException">
            <message>
              <![CDATA[no such element: Unable to locate element: {"method":"xpath","selector":"//a[contains(text(),'MTA Info')]"}
  (Session info: chrome=69.0.3497.100)
  (Driver info: chromedriver=2.42.591088 (7b2b2dca23cca0862f674758c9a3933e685c27d5),platform=Windows NT 10.0.17134 x86_64) (WARNING: The server did not provide any stacktrace information)
Command duration or timeout: 0 milliseconds
For documentation on this error, please visit: http://seleniumhq.org/exceptions/no_such_element.html
Build info: version: '3.14.0', revision: 'aacccce0', time: '2018-08-02T20:19:58.91Z'
System info: host: 'FAHIM-AHMED-198', ip: '192.168.141.1', os.name: 'Windows 10', os.arch: 'amd64', os.version: '10.0', java.version: '1.8.0_181'
Driver info: org.openqa.selenium.chrome.ChromeDriver
Capabilities {acceptInsecureCerts: false, acceptSslCerts: false, applicationCacheEnabled: false, browserConnectionEnabled: false, browserName: chrome, chrome: {chromedriverVersion: 2.42.591088 (7b2b2dca23cca0..., userDataDir: C:\Users\Owner\AppData\Loca...}, cssSelectorsEnabled: true, databaseEnabled: false, goog:chromeOptions: {debuggerAddress: localhost:60982}, handlesAlerts: true, hasTouchScreen: false, javascriptEnabled: true, locationContextEnabled: true, mobileEmulationEnabled: false, nativeEvents: true, networkConnectionEnabled: false, pageLoadStrategy: normal, platform: XP, platformName: XP, rotatable: false, setWindowRect: true, takesHeapSnapshot: true, takesScreenshot: true, unexpectedAlertBehaviour: , unhandledPromptBehavior: , version: 69.0.3497.100, webStorageEnabled: true}
Session ID: 6f43a191eb84abf7e628a4ae8a312d49
*** Element info: {Using=xpath, value=//a[contains(text(),'MTA Info')]}]]>
            </message>
            <full-stacktrace>
              <![CDATA[org.openqa.selenium.NoSuchElementException: no such element: Unable to locate element: {"method":"xpath","selector":"//a[contains(text(),'MTA Info')]"}
  (Session info: chrome=69.0.3497.100)
  (Driver info: chromedriver=2.42.591088 (7b2b2dca23cca0862f674758c9a3933e685c27d5),platform=Windows NT 10.0.17134 x86_64) (WARNING: The server did not provide any stacktrace information)
Command duration or timeout: 0 milliseconds
For documentation on this error, please visit: http://seleniumhq.org/exceptions/no_such_element.html
Build info: version: '3.14.0', revision: 'aacccce0', time: '2018-08-02T20:19:58.91Z'
System info: host: 'FAHIM-AHMED-198', ip: '192.168.141.1', os.name: 'Windows 10', os.arch: 'amd64', os.version: '10.0', java.version: '1.8.0_181'
Driver info: org.openqa.selenium.chrome.ChromeDriver
Capabilities {acceptInsecureCerts: false, acceptSslCerts: false, applicationCacheEnabled: false, browserConnectionEnabled: false, browserName: chrome, chrome: {chromedriverVersion: 2.42.591088 (7b2b2dca23cca0..., userDataDir: C:\Users\Owner\AppData\Loca...}, cssSelectorsEnabled: true, databaseEnabled: false, goog:chromeOptions: {debuggerAddress: localhost:60982}, handlesAlerts: true, hasTouchScreen: false, javascriptEnabled: true, locationContextEnabled: true, mobileEmulationEnabled: false, nativeEvents: true, networkConnectionEnabled: false, pageLoadStrategy: normal, platform: XP, platformName: XP, rotatable: false, setWindowRect: true, takesHeapSnapshot: true, takesScreenshot: true, unexpectedAlertBehaviour: , unhandledPromptBehavior: , version: 69.0.3497.100, webStorageEnabled: true}
Session ID: 6f43a191eb84abf7e628a4ae8a312d49
*** Element info: {Using=xpath, value=//a[contains(text(),'MTA Info')]}
at sun.reflect.NativeConstructorAccessorImpl.newInstance0(Native Method)
at sun.reflect.NativeConstructorAccessorImpl.newInstance(NativeConstructorAccessorImpl.java:62)
at sun.reflect.DelegatingConstructorAccessorImpl.newInstance(DelegatingConstructorAccessorImpl.java:45)
at java.lang.reflect.Constructor.newInstance(Constructor.java:423)
at org.openqa.selenium.remote.ErrorHandler.createThrowable(ErrorHandler.java:214)
at org.openqa.selenium.remote.ErrorHandler.throwIfResponseFailed(ErrorHandler.java:166)
at org.openqa.selenium.remote.http.JsonHttpResponseCodec.reconstructValue(JsonHttpResponseCodec.java:40)
at org.openqa.selenium.remote.http.AbstractHttpResponseCodec.decode(AbstractHttpResponseCodec.java:80)
at org.openqa.selenium.remote.http.AbstractHttpResponseCodec.decode(AbstractHttpResponseCodec.java:44)
at org.openqa.selenium.remote.HttpCommandExecutor.execute(HttpCommandExecutor.java:158)
at org.openqa.selenium.remote.service.DriverCommandExecutor.execute(DriverCommandExecutor.java:83)
at org.openqa.selenium.remote.RemoteWebDriver.execute(RemoteWebDriver.java:548)
at org.openqa.selenium.remote.RemoteWebDriver.findElement(RemoteWebDriver.java:322)
at org.openqa.selenium.remote.RemoteWebDriver.findElementByXPath(RemoteWebDriver.java:424)
at org.openqa.selenium.By$ByXPath.findElement(By.java:353)
at org.openqa.selenium.remote.RemoteWebDriver.findElement(RemoteWebDriver.java:314)
at org.openqa.selenium.support.pagefactory.DefaultElementLocator.findElement(DefaultElementLocator.java:69)
at org.openqa.selenium.support.pagefactory.internal.LocatingElementHandler.invoke(LocatingElementHandler.java:38)
at com.sun.proxy.$Proxy12.click(Unknown Source)
at pages.MtaInfo.MtaTitle(MtaInfo.java:36)
at testMtaInfo.TestMtaInfo.getMtaTitle(TestMtaInfo.java:23)
at sun.reflect.NativeMethodAccessorImpl.invoke0(Native Method)
at sun.reflect.NativeMethodAccessorImpl.invoke(NativeMethodAccessorImpl.java:62)
at sun.reflect.DelegatingMethodAccessorImpl.invoke(DelegatingMethodAccessorImpl.java:43)
at java.lang.reflect.Method.invoke(Method.java:498)
at org.testng.internal.MethodInvocationHelper.invokeMethod(MethodInvocationHelper.java:124)
at org.testng.internal.Invoker.invokeMethod(Invoker.java:583)
at org.testng.internal.Invoker.invokeTestMethod(Invoker.java:719)
at org.testng.internal.Invoker.invokeTestMethods(Invoker.java:989)
at org.testng.internal.TestMethodWorker.invokeTestMethods(TestMethodWorker.java:125)
at org.testng.internal.TestMethodWorker.run(TestMethodWorker.java:109)
at org.testng.TestRunner.privateRun(TestRunner.java:648)
at org.testng.TestRunner.run(TestRunner.java:505)
at org.testng.SuiteRunner.runTest(SuiteRunner.java:455)
at org.testng.SuiteRunner.runSequentially(SuiteRunner.java:450)
at org.testng.SuiteRunner.privateRun(SuiteRunner.java:415)
at org.testng.SuiteRunner.run(SuiteRunner.java:364)
at org.testng.SuiteRunnerWorker.runSuite(SuiteRunnerWorker.java:52)
at org.testng.SuiteRunnerWorker.run(SuiteRunnerWorker.java:84)
at org.testng.TestNG.runSuitesSequentially(TestNG.java:1208)
at org.testng.TestNG.runSuitesLocally(TestNG.java:1137)
at org.testng.TestNG.runSuites(TestNG.java:1049)
at org.testng.TestNG.run(TestNG.java:1017)
at org.apache.maven.surefire.testng.TestNGExecutor.run(TestNGExecutor.java:135)
at org.apache.maven.surefire.testng.TestNGDirectoryTestSuite.executeMulti(TestNGDirectoryTestSuite.java:193)
at org.apache.maven.surefire.testng.TestNGDirectoryTestSuite.execute(TestNGDirectoryTestSuite.java:94)
at org.apache.maven.surefire.testng.TestNGProvider.invoke(TestNGProvider.java:146)
at org.apache.maven.surefire.booter.ForkedBooter.invokeProviderInSameClassLoader(ForkedBooter.java:383)
at org.apache.maven.surefire.booter.ForkedBooter.runSuitesInProcess(ForkedBooter.java:344)
at org.apache.maven.surefire.booter.ForkedBooter.execute(ForkedBooter.java:125)
at org.apache.maven.surefire.booter.ForkedBooter.main(ForkedBooter.java:417)
]]>
            </full-stacktrace>
          </exception> <!-- org.openqa.selenium.NoSuchElementException -->
          <reporter-output>
            <line>
              <![CDATA[TestMtaInfo: get Mta Title]]>
            </line>
            <line>
              <![CDATA[TestMtaInfo: Mta Title]]>
            </line>
          </reporter-output>
        </test-method> <!-- getMtaTitle -->
        <test-method status="PASS" signature="afterEachTestMethod(org.testng.ITestResult)[pri:0, instance:testMtaInfo.TestMtaInfo@1ce92674]" name="afterEachTestMethod" is-config="true" duration-ms="1295" started-at="2018-10-05T21:46:53Z" finished-at="2018-10-05T21:46:54Z">
          <params>
            <param index="0">
              <value>
                <![CDATA[[TestResult name=getMtaTitle status=FAILURE method=TestMtaInfo.getMtaTitle()[pri:0, instance:testMtaInfo.TestMtaInfo@1ce92674] output=TestMtaInfo: get Mta Title]]]>
              </value>
            </param>
          </params>
          <reporter-output>
          </reporter-output>
        </test-method> <!-- afterEachTestMethod -->
        <test-method status="PASS" signature="cleanUp()[pri:0, instance:testMtaInfo.TestMtaInfo@1ce92674]" name="cleanUp" is-config="true" duration-ms="1" started-at="2018-10-05T21:46:54Z" finished-at="2018-10-05T21:46:54Z">
          <reporter-output>
          </reporter-output>
        </test-method> <!-- cleanUp -->
        <test-method status="PASS" signature="setUp(boolean, java.lang.String, java.lang.String, java.lang.String, java.lang.String, java.lang.String, java.lang.String)[pri:0, instance:testMtaInfo.TestMtaInfo@1ce92674]" name="setUp" is-config="true" duration-ms="4556" started-at="2018-10-05T21:46:54Z" finished-at="2018-10-05T21:46:59Z">
          <params>
            <param index="0">
              <value>
                <![CDATA[false]]>
              </value>
            </param>
            <param index="1">
              <value>
                <![CDATA[false]]>
              </value>
            </param>
            <param index="2">
              <value>
                <![CDATA[windows]]>
              </value>
            </param>
            <param index="3">
              <value>
                <![CDATA[10]]>
              </value>
            </param>
            <param index="4">
              <value>
                <![CDATA[chrome-options]]>
              </value>
            </param>
            <param index="5">
              <value>
                <![CDATA[60]]>
              </value>
            </param>
            <param index="6">
              <value>
                <![CDATA[http://www.mta.info]]>
              </value>
            </param>
          </params>
          <reporter-output>
          </reporter-output>
        </test-method> <!-- setUp -->
        <test-method status="PASS" signature="startExtent(java.lang.reflect.Method)[pri:0, instance:testMtaInfo.TestMtaInfo@1ce92674]" name="startExtent" is-config="true" duration-ms="1" started-at="2018-10-05T21:46:59Z" finished-at="2018-10-05T21:46:59Z">
          <params>
            <param index="0">
              <value>
                <![CDATA[public void testMtaInfo.TestMtaInfo.testFinance()]]>
              </value>
            </param>
          </params>
          <reporter-output>
          </reporter-output>
        </test-method> <!-- startExtent -->
        <test-method status="PASS" signature="init()[pri:0, instance:testMtaInfo.TestMtaInfo@1ce92674]" name="init" is-config="true" duration-ms="1" started-at="2018-10-05T21:46:59Z" finished-at="2018-10-05T21:46:59Z">
          <reporter-output>
          </reporter-output>
        </test-method> <!-- init -->
        <test-method status="FAIL" signature="testFinance()[pri:0, instance:testMtaInfo.TestMtaInfo@1ce92674]" name="testFinance" duration-ms="10025" started-at="2018-10-05T21:46:59Z" finished-at="2018-10-05T21:47:09Z">
          <exception class="org.openqa.selenium.NoSuchElementException">
            <message>
              <![CDATA[no such element: Unable to locate element: {"method":"xpath","selector":"//a[contains(text(),'MTA Info')]"}
  (Session info: chrome=69.0.3497.100)
  (Driver info: chromedriver=2.42.591088 (7b2b2dca23cca0862f674758c9a3933e685c27d5),platform=Windows NT 10.0.17134 x86_64) (WARNING: The server did not provide any stacktrace information)
Command duration or timeout: 0 milliseconds
For documentation on this error, please visit: http://seleniumhq.org/exceptions/no_such_element.html
Build info: version: '3.14.0', revision: 'aacccce0', time: '2018-08-02T20:19:58.91Z'
System info: host: 'FAHIM-AHMED-198', ip: '192.168.141.1', os.name: 'Windows 10', os.arch: 'amd64', os.version: '10.0', java.version: '1.8.0_181'
Driver info: org.openqa.selenium.chrome.ChromeDriver
Capabilities {acceptInsecureCerts: false, acceptSslCerts: false, applicationCacheEnabled: false, browserConnectionEnabled: false, browserName: chrome, chrome: {chromedriverVersion: 2.42.591088 (7b2b2dca23cca0..., userDataDir: C:\Users\Owner\AppData\Loca...}, cssSelectorsEnabled: true, databaseEnabled: false, goog:chromeOptions: {debuggerAddress: localhost:61023}, handlesAlerts: true, hasTouchScreen: false, javascriptEnabled: true, locationContextEnabled: true, mobileEmulationEnabled: false, nativeEvents: true, networkConnectionEnabled: false, pageLoadStrategy: normal, platform: XP, platformName: XP, rotatable: false, setWindowRect: true, takesHeapSnapshot: true, takesScreenshot: true, unexpectedAlertBehaviour: , unhandledPromptBehavior: , version: 69.0.3497.100, webStorageEnabled: true}
Session ID: 02a369d80c05d885e11abefa20815212
*** Element info: {Using=xpath, value=//a[contains(text(),'MTA Info')]}]]>
            </message>
            <full-stacktrace>
              <![CDATA[org.openqa.selenium.NoSuchElementException: no such element: Unable to locate element: {"method":"xpath","selector":"//a[contains(text(),'MTA Info')]"}
  (Session info: chrome=69.0.3497.100)
  (Driver info: chromedriver=2.42.591088 (7b2b2dca23cca0862f674758c9a3933e685c27d5),platform=Windows NT 10.0.17134 x86_64) (WARNING: The server did not provide any stacktrace information)
Command duration or timeout: 0 milliseconds
For documentation on this error, please visit: http://seleniumhq.org/exceptions/no_such_element.html
Build info: version: '3.14.0', revision: 'aacccce0', time: '2018-08-02T20:19:58.91Z'
System info: host: 'FAHIM-AHMED-198', ip: '192.168.141.1', os.name: 'Windows 10', os.arch: 'amd64', os.version: '10.0', java.version: '1.8.0_181'
Driver info: org.openqa.selenium.chrome.ChromeDriver
Capabilities {acceptInsecureCerts: false, acceptSslCerts: false, applicationCacheEnabled: false, browserConnectionEnabled: false, browserName: chrome, chrome: {chromedriverVersion: 2.42.591088 (7b2b2dca23cca0..., userDataDir: C:\Users\Owner\AppData\Loca...}, cssSelectorsEnabled: true, databaseEnabled: false, goog:chromeOptions: {debuggerAddress: localhost:61023}, handlesAlerts: true, hasTouchScreen: false, javascriptEnabled: true, locationContextEnabled: true, mobileEmulationEnabled: false, nativeEvents: true, networkConnectionEnabled: false, pageLoadStrategy: normal, platform: XP, platformName: XP, rotatable: false, setWindowRect: true, takesHeapSnapshot: true, takesScreenshot: true, unexpectedAlertBehaviour: , unhandledPromptBehavior: , version: 69.0.3497.100, webStorageEnabled: true}
Session ID: 02a369d80c05d885e11abefa20815212
*** Element info: {Using=xpath, value=//a[contains(text(),'MTA Info')]}
at sun.reflect.NativeConstructorAccessorImpl.newInstance0(Native Method)
at sun.reflect.NativeConstructorAccessorImpl.newInstance(NativeConstructorAccessorImpl.java:62)
at sun.reflect.DelegatingConstructorAccessorImpl.newInstance(DelegatingConstructorAccessorImpl.java:45)
at java.lang.reflect.Constructor.newInstance(Constructor.java:423)
at org.openqa.selenium.remote.ErrorHandler.createThrowable(ErrorHandler.java:214)
at org.openqa.selenium.remote.ErrorHandler.throwIfResponseFailed(ErrorHandler.java:166)
at org.openqa.selenium.remote.http.JsonHttpResponseCodec.reconstructValue(JsonHttpResponseCodec.java:40)
at org.openqa.selenium.remote.http.AbstractHttpResponseCodec.decode(AbstractHttpResponseCodec.java:80)
at org.openqa.selenium.remote.http.AbstractHttpResponseCodec.decode(AbstractHttpResponseCodec.java:44)
at org.openqa.selenium.remote.HttpCommandExecutor.execute(HttpCommandExecutor.java:158)
at org.openqa.selenium.remote.service.DriverCommandExecutor.execute(DriverCommandExecutor.java:83)
at org.openqa.selenium.remote.RemoteWebDriver.execute(RemoteWebDriver.java:548)
at org.openqa.selenium.remote.RemoteWebDriver.findElement(RemoteWebDriver.java:322)
at org.openqa.selenium.remote.RemoteWebDriver.findElementByXPath(RemoteWebDriver.java:424)
at org.openqa.selenium.By$ByXPath.findElement(By.java:353)
at org.openqa.selenium.remote.RemoteWebDriver.findElement(RemoteWebDriver.java:314)
at org.openqa.selenium.support.pagefactory.DefaultElementLocator.findElement(DefaultElementLocator.java:69)
at org.openqa.selenium.support.pagefactory.internal.LocatingElementHandler.invoke(LocatingElementHandler.java:38)
at com.sun.proxy.$Proxy12.click(Unknown Source)
at pages.MtaInfo.aboutMta(MtaInfo.java:43)
at testMtaInfo.TestMtaInfo.testFinance(TestMtaInfo.java:34)
at sun.reflect.NativeMethodAccessorImpl.invoke0(Native Method)
at sun.reflect.NativeMethodAccessorImpl.invoke(NativeMethodAccessorImpl.java:62)
at sun.reflect.DelegatingMethodAccessorImpl.invoke(DelegatingMethodAccessorImpl.java:43)
at java.lang.reflect.Method.invoke(Method.java:498)
at org.testng.internal.MethodInvocationHelper.invokeMethod(MethodInvocationHelper.java:124)
at org.testng.internal.Invoker.invokeMethod(Invoker.java:583)
at org.testng.internal.Invoker.invokeTestMethod(Invoker.java:719)
at org.testng.internal.Invoker.invokeTestMethods(Invoker.java:989)
at org.testng.internal.TestMethodWorker.invokeTestMethods(TestMethodWorker.java:125)
at org.testng.internal.TestMethodWorker.run(TestMethodWorker.java:109)
at org.testng.TestRunner.privateRun(TestRunner.java:648)
at org.testng.TestRunner.run(TestRunner.java:505)
at org.testng.SuiteRunner.runTest(SuiteRunner.java:455)
at org.testng.SuiteRunner.runSequentially(SuiteRunner.java:450)
at org.testng.SuiteRunner.privateRun(SuiteRunner.java:415)
at org.testng.SuiteRunner.run(SuiteRunner.java:364)
at org.testng.SuiteRunnerWorker.runSuite(SuiteRunnerWorker.java:52)
at org.testng.SuiteRunnerWorker.run(SuiteRunnerWorker.java:84)
at org.testng.TestNG.runSuitesSequentially(TestNG.java:1208)
at org.testng.TestNG.runSuitesLocally(TestNG.java:1137)
at org.testng.TestNG.runSuites(TestNG.java:1049)
at org.testng.TestNG.run(TestNG.java:1017)
at org.apache.maven.surefire.testng.TestNGExecutor.run(TestNGExecutor.java:135)
at org.apache.maven.surefire.testng.TestNGDirectoryTestSuite.executeMulti(TestNGDirectoryTestSuite.java:193)
at org.apache.maven.surefire.testng.TestNGDirectoryTestSuite.execute(TestNGDirectoryTestSuite.java:94)
at org.apache.maven.surefire.testng.TestNGProvider.invoke(TestNGProvider.java:146)
at org.apache.maven.surefire.booter.ForkedBooter.invokeProviderInSameClassLoader(ForkedBooter.java:383)
at org.apache.maven.surefire.booter.ForkedBooter.runSuitesInProcess(ForkedBooter.java:344)
at org.apache.maven.surefire.booter.ForkedBooter.execute(ForkedBooter.java:125)
at org.apache.maven.surefire.booter.ForkedBooter.main(ForkedBooter.java:417)
]]>
            </full-stacktrace>
          </exception> <!-- org.openqa.selenium.NoSuchElementException -->
          <reporter-output>
            <line>
              <![CDATA[TestMtaInfo: test Finance]]>
            </line>
            <line>
              <![CDATA[TestMtaInfo: about Mta]]>
            </line>
          </reporter-output>
        </test-method> <!-- testFinance -->
        <test-method status="PASS" signature="afterEachTestMethod(org.testng.ITestResult)[pri:0, instance:testMtaInfo.TestMtaInfo@1ce92674]" name="afterEachTestMethod" is-config="true" duration-ms="1074" started-at="2018-10-05T21:47:09Z" finished-at="2018-10-05T21:47:10Z">
          <params>
            <param index="0">
              <value>
                <![CDATA[[TestResult name=testFinance status=FAILURE method=TestMtaInfo.testFinance()[pri:0, instance:testMtaInfo.TestMtaInfo@1ce92674] output=TestMtaInfo: test Finance]]]>
              </value>
            </param>
          </params>
          <reporter-output>
          </reporter-output>
        </test-method> <!-- afterEachTestMethod -->
        <test-method status="PASS" signature="cleanUp()[pri:0, instance:testMtaInfo.TestMtaInfo@1ce92674]" name="cleanUp" is-config="true" duration-ms="1" started-at="2018-10-05T21:47:10Z" finished-at="2018-10-05T21:47:10Z">
          <reporter-output>
          </reporter-output>
        </test-method> <!-- cleanUp -->
        <test-method status="PASS" signature="setUp(boolean, java.lang.String, java.lang.String, java.lang.String, java.lang.String, java.lang.String, java.lang.String)[pri:0, instance:testMtaInfo.TestMtaInfo@1ce92674]" name="setUp" is-config="true" duration-ms="7779" started-at="2018-10-05T21:47:10Z" finished-at="2018-10-05T21:47:18Z">
          <params>
            <param index="0">
              <value>
                <![CDATA[false]]>
              </value>
            </param>
            <param index="1">
              <value>
                <![CDATA[false]]>
              </value>
            </param>
            <param index="2">
              <value>
                <![CDATA[windows]]>
              </value>
            </param>
            <param index="3">
              <value>
                <![CDATA[10]]>
              </value>
            </param>
            <param index="4">
              <value>
                <![CDATA[chrome-options]]>
              </value>
            </param>
            <param index="5">
              <value>
                <![CDATA[60]]>
              </value>
            </param>
            <param index="6">
              <value>
                <![CDATA[http://www.mta.info]]>
              </value>
            </param>
          </params>
          <reporter-output>
          </reporter-output>
        </test-method> <!-- setUp -->
        <test-method status="PASS" signature="init()[pri:0, instance:testMtaInfo.TestMtaInfo@1ce92674]" name="init" is-config="true" duration-ms="0" started-at="2018-10-05T21:47:18Z" finished-at="2018-10-05T21:47:18Z">
          <reporter-output>
          </reporter-output>
        </test-method> <!-- init -->
        <test-method status="PASS" signature="testMtaInfo()[pri:0, instance:testMtaInfo.TestMtaInfo@1ce92674]" name="testMtaInfo" duration-ms="2162" started-at="2018-10-05T21:47:18Z" finished-at="2018-10-05T21:47:20Z">
          <reporter-output>
            <line>
              <![CDATA[TestMtaInfo: test Mta Info]]>
            </line>
            <line>
              <![CDATA[TestMtaInfo: click On Mta Info]]>
            </line>
          </reporter-output>
        </test-method> <!-- testMtaInfo -->
        <test-method status="PASS" signature="startExtent(java.lang.reflect.Method)[pri:0, instance:testMtaInfo.TestMtaInfo@1ce92674]" name="startExtent" is-config="true" duration-ms="0" started-at="2018-10-05T21:47:18Z" finished-at="2018-10-05T21:47:18Z">
          <params>
            <param index="0">
              <value>
                <![CDATA[public void testMtaInfo.TestMtaInfo.testMtaInfo()]]>
              </value>
            </param>
          </params>
          <reporter-output>
          </reporter-output>
        </test-method> <!-- startExtent -->
        <test-method status="PASS" signature="afterEachTestMethod(org.testng.ITestResult)[pri:0, instance:testMtaInfo.TestMtaInfo@1ce92674]" name="afterEachTestMethod" is-config="true" duration-ms="929" started-at="2018-10-05T21:47:20Z" finished-at="2018-10-05T21:47:21Z">
          <params>
            <param index="0">
              <value>
                <![CDATA[[TestResult name=testMtaInfo status=SUCCESS method=TestMtaInfo.testMtaInfo()[pri:0, instance:testMtaInfo.TestMtaInfo@1ce92674] output=TestMtaInfo: test Mta Info]]]>
              </value>
            </param>
          </params>
          <reporter-output>
          </reporter-output>
        </test-method> <!-- afterEachTestMethod -->
        <test-method status="PASS" signature="setUp(boolean, java.lang.String, java.lang.String, java.lang.String, java.lang.String, java.lang.String, java.lang.String)[pri:0, instance:testMtaInfo.TestMtaInfo@1ce92674]" name="setUp" is-config="true" duration-ms="7245" started-at="2018-10-05T21:47:21Z" finished-at="2018-10-05T21:47:28Z">
          <params>
            <param index="0">
              <value>
                <![CDATA[false]]>
              </value>
            </param>
            <param index="1">
              <value>
                <![CDATA[false]]>
              </value>
            </param>
            <param index="2">
              <value>
                <![CDATA[windows]]>
              </value>
            </param>
            <param index="3">
              <value>
                <![CDATA[10]]>
              </value>
            </param>
            <param index="4">
              <value>
                <![CDATA[chrome-options]]>
              </value>
            </param>
            <param index="5">
              <value>
                <![CDATA[60]]>
              </value>
            </param>
            <param index="6">
              <value>
                <![CDATA[http://www.mta.info]]>
              </value>
            </param>
          </params>
          <reporter-output>
          </reporter-output>
        </test-method> <!-- setUp -->
        <test-method status="PASS" signature="cleanUp()[pri:0, instance:testMtaInfo.TestMtaInfo@1ce92674]" name="cleanUp" is-config="true" duration-ms="0" started-at="2018-10-05T21:47:21Z" finished-at="2018-10-05T21:47:21Z">
          <reporter-output>
          </reporter-output>
        </test-method> <!-- cleanUp -->
        <test-method status="PASS" signature="startExtent(java.lang.reflect.Method)[pri:0, instance:testMtaInfo.TestMtaInfo@1ce92674]" name="startExtent" is-config="true" duration-ms="0" started-at="2018-10-05T21:47:28Z" finished-at="2018-10-05T21:47:28Z">
          <params>
            <param index="0">
              <value>
                <![CDATA[public void testMtaInfo.TestMtaInfo.testMtaPoliceSearch()]]>
              </value>
            </param>
          </params>
          <reporter-output>
          </reporter-output>
        </test-method> <!-- startExtent -->
        <test-method status="PASS" signature="init()[pri:0, instance:testMtaInfo.TestMtaInfo@1ce92674]" name="init" is-config="true" duration-ms="1" started-at="2018-10-05T21:47:28Z" finished-at="2018-10-05T21:47:28Z">
          <reporter-output>
          </reporter-output>
        </test-method> <!-- init -->
        <test-method status="PASS" signature="testMtaPoliceSearch()[pri:0, instance:testMtaInfo.TestMtaInfo@1ce92674]" name="testMtaPoliceSearch" duration-ms="5783" started-at="2018-10-05T21:47:28Z" finished-at="2018-10-05T21:47:34Z">
          <reporter-output>
            <line>
              <![CDATA[TestMtaInfo: test Mta Police Search]]>
            </line>
            <line>
              <![CDATA[TestMtaInfo: mta Police]]>
            </line>
          </reporter-output>
        </test-method> <!-- testMtaPoliceSearch -->
        <test-method status="PASS" signature="afterEachTestMethod(org.testng.ITestResult)[pri:0, instance:testMtaInfo.TestMtaInfo@1ce92674]" name="afterEachTestMethod" is-config="true" duration-ms="808" started-at="2018-10-05T21:47:34Z" finished-at="2018-10-05T21:47:34Z">
          <params>
            <param index="0">
              <value>
                <![CDATA[[TestResult name=testMtaPoliceSearch status=SUCCESS method=TestMtaInfo.testMtaPoliceSearch()[pri:0, instance:testMtaInfo.TestMtaInfo@1ce92674] output=TestMtaInfo: test Mta Police Search]]]>
              </value>
            </param>
          </params>
          <reporter-output>
          </reporter-output>
        </test-method> <!-- afterEachTestMethod -->
        <test-method status="PASS" signature="cleanUp()[pri:0, instance:testMtaInfo.TestMtaInfo@1ce92674]" name="cleanUp" is-config="true" duration-ms="0" started-at="2018-10-05T21:47:34Z" finished-at="2018-10-05T21:47:34Z">
          <reporter-output>
          </reporter-output>
        </test-method> <!-- cleanUp -->
        <test-method status="PASS" signature="setUp(boolean, java.lang.String, java.lang.String, java.lang.String, java.lang.String, java.lang.String, java.lang.String)[pri:0, instance:testMtaInfo.TestMtaInfo@1ce92674]" name="setUp" is-config="true" duration-ms="7563" started-at="2018-10-05T21:47:34Z" finished-at="2018-10-05T21:47:42Z">
          <params>
            <param index="0">
              <value>
                <![CDATA[false]]>
              </value>
            </param>
            <param index="1">
              <value>
                <![CDATA[false]]>
              </value>
            </param>
            <param index="2">
              <value>
                <![CDATA[windows]]>
              </value>
            </param>
            <param index="3">
              <value>
                <![CDATA[10]]>
              </value>
            </param>
            <param index="4">
              <value>
                <![CDATA[chrome-options]]>
              </value>
            </param>
            <param index="5">
              <value>
                <![CDATA[60]]>
              </value>
            </param>
            <param index="6">
              <value>
                <![CDATA[http://www.mta.info]]>
              </value>
            </param>
          </params>
          <reporter-output>
          </reporter-output>
        </test-method> <!-- setUp -->
        <test-method status="PASS" signature="startExtent(java.lang.reflect.Method)[pri:0, instance:testMtaInfo.TestMtaInfo@1ce92674]" name="startExtent" is-config="true" duration-ms="1" started-at="2018-10-05T21:47:42Z" finished-at="2018-10-05T21:47:42Z">
          <params>
            <param index="0">
              <value>
                <![CDATA[public void testMtaInfo.TestMtaInfo.testMtaPoliceSearchBox() throws java.lang.InterruptedException]]>
              </value>
            </param>
          </params>
          <reporter-output>
          </reporter-output>
        </test-method> <!-- startExtent -->
        <test-method status="PASS" signature="testMtaPoliceSearchBox()[pri:0, instance:testMtaInfo.TestMtaInfo@1ce92674]" name="testMtaPoliceSearchBox" duration-ms="10933" started-at="2018-10-05T21:47:42Z" finished-at="2018-10-05T21:47:53Z">
          <reporter-output>
            <line>
              <![CDATA[TestMtaInfo: test Mta Police Search Box]]>
            </line>
            <line>
              <![CDATA[TestMtaInfo: mta Police Search Box]]>
            </line>
            <line>
              <![CDATA[TestMtaInfo: mta Police]]>
            </line>
          </reporter-output>
        </test-method> <!-- testMtaPoliceSearchBox -->
        <test-method status="PASS" signature="init()[pri:0, instance:testMtaInfo.TestMtaInfo@1ce92674]" name="init" is-config="true" duration-ms="0" started-at="2018-10-05T21:47:42Z" finished-at="2018-10-05T21:47:42Z">
          <reporter-output>
          </reporter-output>
        </test-method> <!-- init -->
        <test-method status="PASS" signature="afterEachTestMethod(org.testng.ITestResult)[pri:0, instance:testMtaInfo.TestMtaInfo@1ce92674]" name="afterEachTestMethod" is-config="true" duration-ms="827" started-at="2018-10-05T21:47:53Z" finished-at="2018-10-05T21:47:54Z">
          <params>
            <param index="0">
              <value>
                <![CDATA[[TestResult name=testMtaPoliceSearchBox status=SUCCESS method=TestMtaInfo.testMtaPoliceSearchBox()[pri:0, instance:testMtaInfo.TestMtaInfo@1ce92674] output=TestMtaInfo: test Mta Police Search Box]]]>
              </value>
            </param>
          </params>
          <reporter-output>
          </reporter-output>
        </test-method> <!-- afterEachTestMethod -->
        <test-method status="PASS" signature="cleanUp()[pri:0, instance:testMtaInfo.TestMtaInfo@1ce92674]" name="cleanUp" is-config="true" duration-ms="1" started-at="2018-10-05T21:47:54Z" finished-at="2018-10-05T21:47:54Z">
          <reporter-output>
          </reporter-output>
        </test-method> <!-- cleanUp -->
        <test-method status="PASS" signature="setUp(boolean, java.lang.String, java.lang.String, java.lang.String, java.lang.String, java.lang.String, java.lang.String)[pri:0, instance:testMtaInfo.TestMtaInfo@1ce92674]" name="setUp" is-config="true" duration-ms="8565" started-at="2018-10-05T21:47:54Z" finished-at="2018-10-05T21:48:02Z">
          <params>
            <param index="0">
              <value>
                <![CDATA[false]]>
              </value>
            </param>
            <param index="1">
              <value>
                <![CDATA[false]]>
              </value>
            </param>
            <param index="2">
              <value>
                <![CDATA[windows]]>
              </value>
            </param>
            <param index="3">
              <value>
                <![CDATA[10]]>
              </value>
            </param>
            <param index="4">
              <value>
                <![CDATA[chrome-options]]>
              </value>
            </param>
            <param index="5">
              <value>
                <![CDATA[60]]>
              </value>
            </param>
            <param index="6">
              <value>
                <![CDATA[http://www.mta.info]]>
              </value>
            </param>
          </params>
          <reporter-output>
          </reporter-output>
        </test-method> <!-- setUp -->
        <test-method status="PASS" signature="init()[pri:0, instance:testMtaInfo.TestMtaInfo@1ce92674]" name="init" is-config="true" duration-ms="1" started-at="2018-10-05T21:48:02Z" finished-at="2018-10-05T21:48:02Z">
          <reporter-output>
          </reporter-output>
        </test-method> <!-- init -->
        <test-method status="PASS" signature="startExtent(java.lang.reflect.Method)[pri:0, instance:testMtaInfo.TestMtaInfo@1ce92674]" name="startExtent" is-config="true" duration-ms="0" started-at="2018-10-05T21:48:02Z" finished-at="2018-10-05T21:48:02Z">
          <params>
            <param index="0">
              <value>
                <![CDATA[public void testMtaInfo.TestMtaInfo.testNavigate()]]>
              </value>
            </param>
          </params>
          <reporter-output>
          </reporter-output>
        </test-method> <!-- startExtent -->
        <test-method status="PASS" signature="testNavigate()[pri:0, instance:testMtaInfo.TestMtaInfo@1ce92674]" name="testNavigate" duration-ms="3468" started-at="2018-10-05T21:48:02Z" finished-at="2018-10-05T21:48:06Z">
          <reporter-output>
            <line>
              <![CDATA[TestMtaInfo: test Navigate]]>
            </line>
            <line>
              <![CDATA[TestMtaInfo: navigate Back Mta]]>
            </line>
          </reporter-output>
        </test-method> <!-- testNavigate -->
        <test-method status="PASS" signature="afterEachTestMethod(org.testng.ITestResult)[pri:0, instance:testMtaInfo.TestMtaInfo@1ce92674]" name="afterEachTestMethod" is-config="true" duration-ms="875" started-at="2018-10-05T21:48:06Z" finished-at="2018-10-05T21:48:07Z">
          <params>
            <param index="0">
              <value>
                <![CDATA[[TestResult name=testNavigate status=SUCCESS method=TestMtaInfo.testNavigate()[pri:0, instance:testMtaInfo.TestMtaInfo@1ce92674] output=TestMtaInfo: test Navigate]]]>
              </value>
            </param>
          </params>
          <reporter-output>
          </reporter-output>
        </test-method> <!-- afterEachTestMethod -->
        <test-method status="PASS" signature="cleanUp()[pri:0, instance:testMtaInfo.TestMtaInfo@1ce92674]" name="cleanUp" is-config="true" duration-ms="0" started-at="2018-10-05T21:48:07Z" finished-at="2018-10-05T21:48:07Z">
          <reporter-output>
          </reporter-output>
        </test-method> <!-- cleanUp -->
      </class> <!-- testMtaInfo.TestMtaInfo -->
      <class name="kewwordTest.TestFeatures">
        <test-method status="PASS" signature="setUp(boolean, java.lang.String, java.lang.String, java.lang.String, java.lang.String, java.lang.String, java.lang.String)[pri:0, instance:kewwordTest.TestFeatures@402a079c]" name="setUp" is-config="true" duration-ms="10536" started-at="2018-10-05T21:41:33Z" finished-at="2018-10-05T21:41:43Z">
          <params>
            <param index="0">
              <value>
                <![CDATA[false]]>
              </value>
            </param>
            <param index="1">
              <value>
                <![CDATA[false]]>
              </value>
            </param>
            <param index="2">
              <value>
                <![CDATA[windows]]>
              </value>
            </param>
            <param index="3">
              <value>
                <![CDATA[10]]>
              </value>
            </param>
            <param index="4">
              <value>
                <![CDATA[chrome-options]]>
              </value>
            </param>
            <param index="5">
              <value>
                <![CDATA[60]]>
              </value>
            </param>
            <param index="6">
              <value>
                <![CDATA[http://www.mta.info]]>
              </value>
            </param>
          </params>
          <reporter-output>
          </reporter-output>
        </test-method> <!-- setUp -->
        <test-method status="PASS" signature="initializeObjects()[pri:0, instance:kewwordTest.TestFeatures@402a079c]" name="initializeObjects" is-config="true" duration-ms="1" started-at="2018-10-05T21:41:43Z" finished-at="2018-10-05T21:41:43Z">
          <reporter-output>
          </reporter-output>
        </test-method> <!-- initializeObjects -->
        <test-method status="PASS" signature="startExtent(java.lang.reflect.Method)[pri:0, instance:kewwordTest.TestFeatures@402a079c]" name="startExtent" is-config="true" duration-ms="0" started-at="2018-10-05T21:41:43Z" finished-at="2018-10-05T21:41:43Z">
          <params>
            <param index="0">
              <value>
                <![CDATA[public void kewwordTest.TestFeatures.testSignInKeyWord() throws java.lang.Exception]]>
              </value>
            </param>
          </params>
          <reporter-output>
          </reporter-output>
        </test-method> <!-- startExtent -->
        <test-method status="PASS" signature="testSignInKeyWord()[pri:0, instance:kewwordTest.TestFeatures@402a079c]" name="testSignInKeyWord" duration-ms="3322" started-at="2018-10-05T21:41:43Z" finished-at="2018-10-05T21:41:47Z">
          <reporter-output>
            <line>
              <![CDATA[TestFeatures: test Sign In Key Word]]>
            </line>
            <line>
              <![CDATA[InputFromXls: Sign In By Key Word]]>
            </line>
            <line>
              <![CDATA[InputFromXls: click On Sign Up]]>
            </line>
            <line>
              <![CDATA[InputFromXls: input Username]]>
            </line>
            <line>
              <![CDATA[InputFromXls: input Password]]>
            </line>
            <line>
              <![CDATA[InputFromXls: click On Login Button]]>
            </line>
          </reporter-output>
        </test-method> <!-- testSignInKeyWord -->
        <test-method status="PASS" signature="afterEachTestMethod(org.testng.ITestResult)[pri:0, instance:kewwordTest.TestFeatures@402a079c]" name="afterEachTestMethod" is-config="true" duration-ms="778" started-at="2018-10-05T21:41:47Z" finished-at="2018-10-05T21:41:47Z">
          <params>
            <param index="0">
              <value>
                <![CDATA[[TestResult name=testSignInKeyWord status=SUCCESS method=TestFeatures.testSignInKeyWord()[pri:0, instance:kewwordTest.TestFeatures@402a079c] output=TestFeatures: test Sign In Key Word]]]>
              </value>
            </param>
          </params>
          <reporter-output>
          </reporter-output>
        </test-method> <!-- afterEachTestMethod -->
        <test-method status="PASS" signature="cleanUp()[pri:0, instance:kewwordTest.TestFeatures@402a079c]" name="cleanUp" is-config="true" duration-ms="0" started-at="2018-10-05T21:41:47Z" finished-at="2018-10-05T21:41:47Z">
          <reporter-output>
          </reporter-output>
        </test-method> <!-- cleanUp -->
        <test-method status="PASS" signature="setUp(boolean, java.lang.String, java.lang.String, java.lang.String, java.lang.String, java.lang.String, java.lang.String)[pri:0, instance:kewwordTest.TestFeatures@402a079c]" name="setUp" is-config="true" duration-ms="9853" started-at="2018-10-05T21:41:47Z" finished-at="2018-10-05T21:41:57Z">
          <params>
            <param index="0">
              <value>
                <![CDATA[false]]>
              </value>
            </param>
            <param index="1">
              <value>
                <![CDATA[false]]>
              </value>
            </param>
            <param index="2">
              <value>
                <![CDATA[windows]]>
              </value>
            </param>
            <param index="3">
              <value>
                <![CDATA[10]]>
              </value>
            </param>
            <param index="4">
              <value>
                <![CDATA[chrome-options]]>
              </value>
            </param>
            <param index="5">
              <value>
                <![CDATA[60]]>
              </value>
            </param>
            <param index="6">
              <value>
                <![CDATA[http://www.mta.info]]>
              </value>
            </param>
          </params>
          <reporter-output>
          </reporter-output>
        </test-method> <!-- setUp -->
        <test-method status="PASS" signature="initializeObjects()[pri:0, instance:kewwordTest.TestFeatures@402a079c]" name="initializeObjects" is-config="true" duration-ms="1" started-at="2018-10-05T21:41:57Z" finished-at="2018-10-05T21:41:57Z">
          <reporter-output>
          </reporter-output>
        </test-method> <!-- initializeObjects -->
        <test-method status="PASS" signature="startExtent(java.lang.reflect.Method)[pri:0, instance:kewwordTest.TestFeatures@402a079c]" name="startExtent" is-config="true" duration-ms="0" started-at="2018-10-05T21:41:57Z" finished-at="2018-10-05T21:41:57Z">
          <params>
            <param index="0">
              <value>
                <![CDATA[public void kewwordTest.TestFeatures.testSignInithvalidIdAndPassword() throws java.io.IOException,java.lang.InterruptedException]]>
              </value>
            </param>
          </params>
          <reporter-output>
          </reporter-output>
        </test-method> <!-- startExtent -->
        <test-method status="PASS" signature="testSignInithvalidIdAndPassword()[pri:0, instance:kewwordTest.TestFeatures@402a079c]" name="testSignInithvalidIdAndPassword" duration-ms="2639" started-at="2018-10-05T21:41:57Z" finished-at="2018-10-05T21:42:00Z">
          <reporter-output>
            <line>
              <![CDATA[TestFeatures: test Sign Inithvalid Id And Password]]>
            </line>
            <line>
              <![CDATA[FeatureForKeyWord: click On Sign Up]]>
            </line>
          </reporter-output>
        </test-method> <!-- testSignInithvalidIdAndPassword -->
        <test-method status="PASS" signature="afterEachTestMethod(org.testng.ITestResult)[pri:0, instance:kewwordTest.TestFeatures@402a079c]" name="afterEachTestMethod" is-config="true" duration-ms="801" started-at="2018-10-05T21:42:00Z" finished-at="2018-10-05T21:42:01Z">
          <params>
            <param index="0">
              <value>
                <![CDATA[[TestResult name=testSignInithvalidIdAndPassword status=SUCCESS method=TestFeatures.testSignInithvalidIdAndPassword()[pri:0, instance:kewwordTest.TestFeatures@402a079c] output=TestFeatures: test Sign Inithvalid Id And Password]]]>
              </value>
            </param>
          </params>
          <reporter-output>
          </reporter-output>
        </test-method> <!-- afterEachTestMethod -->
        <test-method status="PASS" signature="cleanUp()[pri:0, instance:kewwordTest.TestFeatures@402a079c]" name="cleanUp" is-config="true" duration-ms="0" started-at="2018-10-05T21:42:01Z" finished-at="2018-10-05T21:42:01Z">
          <reporter-output>
          </reporter-output>
        </test-method> <!-- cleanUp -->
      </class> <!-- kewwordTest.TestFeatures -->
      <class name="serviceStatusHomePage.TestSpecialServiceNotice">
        <test-method status="PASS" signature="setUp(boolean, java.lang.String, java.lang.String, java.lang.String, java.lang.String, java.lang.String, java.lang.String)[pri:0, instance:serviceStatusHomePage.TestSpecialServiceNotice@2f686d1f]" name="setUp" is-config="true" duration-ms="10214" started-at="2018-10-05T21:43:22Z" finished-at="2018-10-05T21:43:32Z">
          <params>
            <param index="0">
              <value>
                <![CDATA[false]]>
              </value>
            </param>
            <param index="1">
              <value>
                <![CDATA[false]]>
              </value>
            </param>
            <param index="2">
              <value>
                <![CDATA[windows]]>
              </value>
            </param>
            <param index="3">
              <value>
                <![CDATA[10]]>
              </value>
            </param>
            <param index="4">
              <value>
                <![CDATA[chrome-options]]>
              </value>
            </param>
            <param index="5">
              <value>
                <![CDATA[60]]>
              </value>
            </param>
            <param index="6">
              <value>
                <![CDATA[http://www.mta.info]]>
              </value>
            </param>
          </params>
          <reporter-output>
          </reporter-output>
        </test-method> <!-- setUp -->
        <test-method status="PASS" signature="startExtent(java.lang.reflect.Method)[pri:0, instance:serviceStatusHomePage.TestSpecialServiceNotice@2f686d1f]" name="startExtent" is-config="true" duration-ms="0" started-at="2018-10-05T21:43:32Z" finished-at="2018-10-05T21:43:32Z">
          <params>
            <param index="0">
              <value>
                <![CDATA[public void serviceStatusHomePage.TestSpecialServiceNotice.iFrameTest()]]>
              </value>
            </param>
          </params>
          <reporter-output>
          </reporter-output>
        </test-method> <!-- startExtent -->
        <test-method status="PASS" signature="init()[pri:0, instance:serviceStatusHomePage.TestSpecialServiceNotice@2f686d1f]" name="init" is-config="true" duration-ms="1" started-at="2018-10-05T21:43:32Z" finished-at="2018-10-05T21:43:32Z">
          <reporter-output>
          </reporter-output>
        </test-method> <!-- init -->
        <test-method status="PASS" signature="iFrameTest()[pri:0, instance:serviceStatusHomePage.TestSpecialServiceNotice@2f686d1f]" name="iFrameTest" duration-ms="3671" started-at="2018-10-05T21:43:32Z" finished-at="2018-10-05T21:43:36Z">
          <reporter-output>
            <line>
              <![CDATA[TestSpecialServiceNotice: i Frame Test]]>
            </line>
            <line>
              <![CDATA[TestSpecialServiceNotice: switch To Frame]]>
            </line>
          </reporter-output>
        </test-method> <!-- iFrameTest -->
        <test-method status="PASS" signature="afterEachTestMethod(org.testng.ITestResult)[pri:0, instance:serviceStatusHomePage.TestSpecialServiceNotice@2f686d1f]" name="afterEachTestMethod" is-config="true" duration-ms="728" started-at="2018-10-05T21:43:36Z" finished-at="2018-10-05T21:43:37Z">
          <params>
            <param index="0">
              <value>
                <![CDATA[[TestResult name=iFrameTest status=SUCCESS method=TestSpecialServiceNotice.iFrameTest()[pri:0, instance:serviceStatusHomePage.TestSpecialServiceNotice@2f686d1f] output=TestSpecialServiceNotice: i Frame Test]]]>
              </value>
            </param>
          </params>
          <reporter-output>
          </reporter-output>
        </test-method> <!-- afterEachTestMethod -->
        <test-method status="PASS" signature="cleanUp()[pri:0, instance:serviceStatusHomePage.TestSpecialServiceNotice@2f686d1f]" name="cleanUp" is-config="true" duration-ms="0" started-at="2018-10-05T21:43:37Z" finished-at="2018-10-05T21:43:37Z">
          <reporter-output>
          </reporter-output>
        </test-method> <!-- cleanUp -->
        <test-method status="PASS" signature="setUp(boolean, java.lang.String, java.lang.String, java.lang.String, java.lang.String, java.lang.String, java.lang.String)[pri:0, instance:serviceStatusHomePage.TestSpecialServiceNotice@2f686d1f]" name="setUp" is-config="true" duration-ms="7787" started-at="2018-10-05T21:43:37Z" finished-at="2018-10-05T21:43:45Z">
          <params>
            <param index="0">
              <value>
                <![CDATA[false]]>
              </value>
            </param>
            <param index="1">
              <value>
                <![CDATA[false]]>
              </value>
            </param>
            <param index="2">
              <value>
                <![CDATA[windows]]>
              </value>
            </param>
            <param index="3">
              <value>
                <![CDATA[10]]>
              </value>
            </param>
            <param index="4">
              <value>
                <![CDATA[chrome-options]]>
              </value>
            </param>
            <param index="5">
              <value>
                <![CDATA[60]]>
              </value>
            </param>
            <param index="6">
              <value>
                <![CDATA[http://www.mta.info]]>
              </value>
            </param>
          </params>
          <reporter-output>
          </reporter-output>
        </test-method> <!-- setUp -->
        <test-method status="PASS" signature="startExtent(java.lang.reflect.Method)[pri:0, instance:serviceStatusHomePage.TestSpecialServiceNotice@2f686d1f]" name="startExtent" is-config="true" duration-ms="0" started-at="2018-10-05T21:43:45Z" finished-at="2018-10-05T21:43:45Z">
          <params>
            <param index="0">
              <value>
                <![CDATA[public void serviceStatusHomePage.TestSpecialServiceNotice.imageSizeTest()]]>
              </value>
            </param>
          </params>
          <reporter-output>
          </reporter-output>
        </test-method> <!-- startExtent -->
        <test-method status="PASS" signature="init()[pri:0, instance:serviceStatusHomePage.TestSpecialServiceNotice@2f686d1f]" name="init" is-config="true" duration-ms="1" started-at="2018-10-05T21:43:45Z" finished-at="2018-10-05T21:43:45Z">
          <reporter-output>
          </reporter-output>
        </test-method> <!-- init -->
        <test-method status="PASS" signature="imageSizeTest()[pri:0, instance:serviceStatusHomePage.TestSpecialServiceNotice@2f686d1f]" name="imageSizeTest" duration-ms="1933" started-at="2018-10-05T21:43:45Z" finished-at="2018-10-05T21:43:46Z">
          <reporter-output>
            <line>
              <![CDATA[TestSpecialServiceNotice: image Size Test]]>
            </line>
            <line>
              <![CDATA[TestSpecialServiceNotice: get Image Info]]>
            </line>
          </reporter-output>
        </test-method> <!-- imageSizeTest -->
        <test-method status="PASS" signature="afterEachTestMethod(org.testng.ITestResult)[pri:0, instance:serviceStatusHomePage.TestSpecialServiceNotice@2f686d1f]" name="afterEachTestMethod" is-config="true" duration-ms="850" started-at="2018-10-05T21:43:46Z" finished-at="2018-10-05T21:43:47Z">
          <params>
            <param index="0">
              <value>
                <![CDATA[[TestResult name=imageSizeTest status=SUCCESS method=TestSpecialServiceNotice.imageSizeTest()[pri:0, instance:serviceStatusHomePage.TestSpecialServiceNotice@2f686d1f] output=TestSpecialServiceNotice: image Size Test]]]>
              </value>
            </param>
          </params>
          <reporter-output>
          </reporter-output>
        </test-method> <!-- afterEachTestMethod -->
        <test-method status="PASS" signature="cleanUp()[pri:0, instance:serviceStatusHomePage.TestSpecialServiceNotice@2f686d1f]" name="cleanUp" is-config="true" duration-ms="0" started-at="2018-10-05T21:43:47Z" finished-at="2018-10-05T21:43:47Z">
          <reporter-output>
          </reporter-output>
        </test-method> <!-- cleanUp -->
        <test-method status="PASS" signature="setUp(boolean, java.lang.String, java.lang.String, java.lang.String, java.lang.String, java.lang.String, java.lang.String)[pri:0, instance:serviceStatusHomePage.TestSpecialServiceNotice@2f686d1f]" name="setUp" is-config="true" duration-ms="10530" started-at="2018-10-05T21:43:47Z" finished-at="2018-10-05T21:43:58Z">
          <params>
            <param index="0">
              <value>
                <![CDATA[false]]>
              </value>
            </param>
            <param index="1">
              <value>
                <![CDATA[false]]>
              </value>
            </param>
            <param index="2">
              <value>
                <![CDATA[windows]]>
              </value>
            </param>
            <param index="3">
              <value>
                <![CDATA[10]]>
              </value>
            </param>
            <param index="4">
              <value>
                <![CDATA[chrome-options]]>
              </value>
            </param>
            <param index="5">
              <value>
                <![CDATA[60]]>
              </value>
            </param>
            <param index="6">
              <value>
                <![CDATA[http://www.mta.info]]>
              </value>
            </param>
          </params>
          <reporter-output>
          </reporter-output>
        </test-method> <!-- setUp -->
        <test-method status="PASS" signature="startExtent(java.lang.reflect.Method)[pri:0, instance:serviceStatusHomePage.TestSpecialServiceNotice@2f686d1f]" name="startExtent" is-config="true" duration-ms="1" started-at="2018-10-05T21:43:58Z" finished-at="2018-10-05T21:43:58Z">
          <params>
            <param index="0">
              <value>
                <![CDATA[public void serviceStatusHomePage.TestSpecialServiceNotice.st238Test()]]>
              </value>
            </param>
          </params>
          <reporter-output>
          </reporter-output>
        </test-method> <!-- startExtent -->
        <test-method status="PASS" signature="st238Test()[pri:0, instance:serviceStatusHomePage.TestSpecialServiceNotice@2f686d1f]" name="st238Test" duration-ms="3437" started-at="2018-10-05T21:43:58Z" finished-at="2018-10-05T21:44:01Z">
          <reporter-output>
            <line>
              <![CDATA[TestSpecialServiceNotice: st 238 Test]]>
            </line>
            <line>
              <![CDATA[TestSpecialServiceNotice: click On 238 St]]>
            </line>
          </reporter-output>
        </test-method> <!-- st238Test -->
        <test-method status="PASS" signature="init()[pri:0, instance:serviceStatusHomePage.TestSpecialServiceNotice@2f686d1f]" name="init" is-config="true" duration-ms="0" started-at="2018-10-05T21:43:58Z" finished-at="2018-10-05T21:43:58Z">
          <reporter-output>
          </reporter-output>
        </test-method> <!-- init -->
        <test-method status="PASS" signature="afterEachTestMethod(org.testng.ITestResult)[pri:0, instance:serviceStatusHomePage.TestSpecialServiceNotice@2f686d1f]" name="afterEachTestMethod" is-config="true" duration-ms="783" started-at="2018-10-05T21:44:01Z" finished-at="2018-10-05T21:44:02Z">
          <params>
            <param index="0">
              <value>
                <![CDATA[[TestResult name=st238Test status=SUCCESS method=TestSpecialServiceNotice.st238Test()[pri:0, instance:serviceStatusHomePage.TestSpecialServiceNotice@2f686d1f] output=TestSpecialServiceNotice: st 238 Test]]]>
              </value>
            </param>
          </params>
          <reporter-output>
          </reporter-output>
        </test-method> <!-- afterEachTestMethod -->
        <test-method status="PASS" signature="cleanUp()[pri:0, instance:serviceStatusHomePage.TestSpecialServiceNotice@2f686d1f]" name="cleanUp" is-config="true" duration-ms="0" started-at="2018-10-05T21:44:02Z" finished-at="2018-10-05T21:44:02Z">
          <reporter-output>
          </reporter-output>
        </test-method> <!-- cleanUp -->
      </class> <!-- serviceStatusHomePage.TestSpecialServiceNotice -->
      <class name="serviceStatusHomePage.TestServiceStatus">
        <test-method status="PASS" signature="setUp(boolean, java.lang.String, java.lang.String, java.lang.String, java.lang.String, java.lang.String, java.lang.String)[pri:0, instance:serviceStatusHomePage.TestServiceStatus@4cf777e8]" name="setUp" is-config="true" duration-ms="7948" started-at="2018-10-05T21:42:33Z" finished-at="2018-10-05T21:42:41Z">
          <params>
            <param index="0">
              <value>
                <![CDATA[false]]>
              </value>
            </param>
            <param index="1">
              <value>
                <![CDATA[false]]>
              </value>
            </param>
            <param index="2">
              <value>
                <![CDATA[windows]]>
              </value>
            </param>
            <param index="3">
              <value>
                <![CDATA[10]]>
              </value>
            </param>
            <param index="4">
              <value>
                <![CDATA[chrome-options]]>
              </value>
            </param>
            <param index="5">
              <value>
                <![CDATA[60]]>
              </value>
            </param>
            <param index="6">
              <value>
                <![CDATA[http://www.mta.info]]>
              </value>
            </param>
          </params>
          <reporter-output>
          </reporter-output>
        </test-method> <!-- setUp -->
        <test-method status="PASS" signature="startExtent(java.lang.reflect.Method)[pri:0, instance:serviceStatusHomePage.TestServiceStatus@4cf777e8]" name="startExtent" is-config="true" duration-ms="0" started-at="2018-10-05T21:42:41Z" finished-at="2018-10-05T21:42:41Z">
          <params>
            <param index="0">
[...]
at org.testng.internal.TestMethodWorker.run(TestMethodWorker.java:109)
at org.testng.TestRunner.privateRun(TestRunner.java:648)
at org.testng.TestRunner.run(TestRunner.java:505)
at org.testng.SuiteRunner.runTest(SuiteRunner.java:455)
at org.testng.SuiteRunner.runSequentially(SuiteRunner.java:450)
at org.testng.SuiteRunner.privateRun(SuiteRunner.java:415)
at org.testng.SuiteRunner.run(SuiteRunner.java:364)
at org.testng.SuiteRunnerWorker.runSuite(SuiteRunnerWorker.java:52)
at org.testng.SuiteRunnerWorker.run(SuiteRunnerWorker.java:84)
at org.testng.TestNG.runSuitesSequentially(TestNG.java:1208)
at org.testng.TestNG.runSuitesLocally(TestNG.java:1137)
at org.testng.TestNG.runSuites(TestNG.java:1049)
at org.testng.TestNG.run(TestNG.java:1017)
at org.apache.maven.surefire.testng.TestNGExecutor.run(TestNGExecutor.java:135)
at org.apache.maven.surefire.testng.TestNGDirectoryTestSuite.executeMulti(TestNGDirectoryTestSuite.java:193)
at org.apache.maven.surefire.testng.TestNGDirectoryTestSuite.execute(TestNGDirectoryTestSuite.java:94)
at org.apache.maven.surefire.testng.TestNGProvider.invoke(TestNGProvider.java:146)
at org.apache.maven.surefire.booter.ForkedBooter.invokeProviderInSameClassLoader(ForkedBooter.java:383)
at org.apache.maven.surefire.booter.ForkedBooter.runSuitesInProcess(ForkedBooter.java:344)
at org.apache.maven.surefire.booter.ForkedBooter.execute(ForkedBooter.java:125)
at org.apache.maven.surefire.booter.ForkedBooter.main(ForkedBooter.java:417)
]]>
            </full-stacktrace>
          </exception> <!-- org.openqa.selenium.TimeoutException -->
          <reporter-output>
          </reporter-output>
        </test-method> <!-- testTripsPlannerService -->
        <test-method status="SKIP" signature="cleanUp()[pri:0, instance:serviceStatusHomePage.TestTripPlanner@3fee9989]" name="cleanUp" is-config="true" duration-ms="0" started-at="2018-10-05T21:44:41Z" finished-at="2018-10-05T21:44:41Z">
          <reporter-output>
          </reporter-output>
        </test-method> <!-- cleanUp -->
      </class> <!-- serviceStatusHomePage.TestTripPlanner -->
      <class name="databaseTest.TestMongoDB">
        <test-method status="PASS" signature="extentSetup(org.testng.ITestContext)[pri:0, instance:databaseTest.TestMongoDB@42dafa95]" name="extentSetup" is-config="true" duration-ms="192" started-at="2018-10-05T21:39:33Z" finished-at="2018-10-05T21:39:33Z">
          <params>
            <param index="0">
              <value>
                <![CDATA[org.testng.TestRunner@27502e5c]]>
              </value>
            </param>
          </params>
          <reporter-output>
            <line>
              <![CDATA[Extent Report DirectoryE:\GreenGroup\MTA\target\surefire-reports\html]]>
            </line>
          </reporter-output>
        </test-method> <!-- extentSetup -->
        <test-method status="PASS" signature="setUp(boolean, java.lang.String, java.lang.String, java.lang.String, java.lang.String, java.lang.String, java.lang.String)[pri:0, instance:databaseTest.TestMongoDB@42dafa95]" name="setUp" is-config="true" duration-ms="9045" started-at="2018-10-05T21:39:33Z" finished-at="2018-10-05T21:39:42Z">
          <params>
            <param index="0">
              <value>
                <![CDATA[false]]>
              </value>
            </param>
            <param index="1">
              <value>
                <![CDATA[false]]>
              </value>
            </param>
            <param index="2">
              <value>
                <![CDATA[windows]]>
              </value>
            </param>
            <param index="3">
              <value>
                <![CDATA[10]]>
              </value>
            </param>
            <param index="4">
              <value>
                <![CDATA[chrome-options]]>
              </value>
            </param>
            <param index="5">
              <value>
                <![CDATA[60]]>
              </value>
            </param>
            <param index="6">
              <value>
                <![CDATA[http://www.mta.info]]>
              </value>
            </param>
          </params>
          <reporter-output>
          </reporter-output>
        </test-method> <!-- setUp -->
        <test-method status="PASS" signature="startExtent(java.lang.reflect.Method)[pri:0, instance:databaseTest.TestMongoDB@42dafa95]" name="startExtent" is-config="true" duration-ms="4" started-at="2018-10-05T21:39:42Z" finished-at="2018-10-05T21:39:42Z">
          <params>
            <param index="0">
              <value>
                <![CDATA[public void databaseTest.TestMongoDB.insertLanguageListTest()]]>
              </value>
            </param>
          </params>
          <reporter-output>
          </reporter-output>
        </test-method> <!-- startExtent -->
        <test-method status="PASS" signature="init()[pri:0, instance:databaseTest.TestMongoDB@42dafa95]" name="init" is-config="true" duration-ms="5" started-at="2018-10-05T21:39:42Z" finished-at="2018-10-05T21:39:42Z">
          <reporter-output>
          </reporter-output>
        </test-method> <!-- init -->
        <test-method status="FAIL" signature="insertLanguageListTest()[pri:0, instance:databaseTest.TestMongoDB@42dafa95]" name="insertLanguageListTest" duration-ms="30828" started-at="2018-10-05T21:39:42Z" finished-at="2018-10-05T21:40:13Z">
          <exception class="com.mongodb.MongoTimeoutException">
            <message>
              <![CDATA[Timed out after 30000 ms while waiting for a server that matches ReadPreferenceServerSelector{readPreference=primary}. Client view of cluster state is {type=UNKNOWN, servers=[{address=127.0.0.1:27017, type=UNKNOWN, state=CONNECTING, exception={com.mongodb.MongoSocketOpenException: Exception opening socket}, caused by {java.net.ConnectException: Connection refused: connect}}]]]>
            </message>
            <full-stacktrace>
              <![CDATA[com.mongodb.MongoTimeoutException: Timed out after 30000 ms while waiting for a server that matches ReadPreferenceServerSelector{readPreference=primary}. Client view of cluster state is {type=UNKNOWN, servers=[{address=127.0.0.1:27017, type=UNKNOWN, state=CONNECTING, exception={com.mongodb.MongoSocketOpenException: Exception opening socket}, caused by {java.net.ConnectException: Connection refused: connect}}]
at com.mongodb.connection.BaseCluster.createTimeoutException(BaseCluster.java:375)
at com.mongodb.connection.BaseCluster.selectServer(BaseCluster.java:104)
at com.mongodb.binding.ClusterBinding$ClusterBindingConnectionSource.<init>(ClusterBinding.java:75)
at com.mongodb.binding.ClusterBinding$ClusterBindingConnectionSource.<init>(ClusterBinding.java:71)
at com.mongodb.binding.ClusterBinding.getReadConnectionSource(ClusterBinding.java:63)
at com.mongodb.operation.OperationHelper.withConnection(OperationHelper.java:400)
at com.mongodb.operation.ListCollectionsOperation.execute(ListCollectionsOperation.java:173)
at com.mongodb.operation.ListCollectionsOperation.execute(ListCollectionsOperation.java:81)
at com.mongodb.Mongo.execute(Mongo.java:811)
at com.mongodb.Mongo$2.execute(Mongo.java:798)
at com.mongodb.OperationIterable.iterator(OperationIterable.java:47)
at com.mongodb.OperationIterable.forEach(OperationIterable.java:70)
at com.mongodb.ListCollectionsIterableImpl.forEach(ListCollectionsIterableImpl.java:91)
at com.mongodb.MappingIterable.forEach(MappingIterable.java:50)
at com.mongodb.MappingIterable.into(MappingIterable.java:60)
at databases.ConnectToMongoDB.insertIntoMongoDB(ConnectToMongoDB.java:30)
at pages.DatabaseData.inserDataIntoDatabase(DatabaseData.java:32)
at databaseTest.TestMongoDB.insertLanguageListTest(TestMongoDB.java:23)
at sun.reflect.NativeMethodAccessorImpl.invoke0(Native Method)
at sun.reflect.NativeMethodAccessorImpl.invoke(NativeMethodAccessorImpl.java:62)
at sun.reflect.DelegatingMethodAccessorImpl.invoke(DelegatingMethodAccessorImpl.java:43)
at java.lang.reflect.Method.invoke(Method.java:498)
at org.testng.internal.MethodInvocationHelper.invokeMethod(MethodInvocationHelper.java:124)
at org.testng.internal.Invoker.invokeMethod(Invoker.java:583)
at org.testng.internal.Invoker.invokeTestMethod(Invoker.java:719)
at org.testng.internal.Invoker.invokeTestMethods(Invoker.java:989)
at org.testng.internal.TestMethodWorker.invokeTestMethods(TestMethodWorker.java:125)
at org.testng.internal.TestMethodWorker.run(TestMethodWorker.java:109)
at org.testng.TestRunner.privateRun(TestRunner.java:648)
at org.testng.TestRunner.run(TestRunner.java:505)
at org.testng.SuiteRunner.runTest(SuiteRunner.java:455)
at org.testng.SuiteRunner.runSequentially(SuiteRunner.java:450)
at org.testng.SuiteRunner.privateRun(SuiteRunner.java:415)
at org.testng.SuiteRunner.run(SuiteRunner.java:364)
at org.testng.SuiteRunnerWorker.runSuite(SuiteRunnerWorker.java:52)
at org.testng.SuiteRunnerWorker.run(SuiteRunnerWorker.java:84)
at org.testng.TestNG.runSuitesSequentially(TestNG.java:1208)
at org.testng.TestNG.runSuitesLocally(TestNG.java:1137)
at org.testng.TestNG.runSuites(TestNG.java:1049)
at org.testng.TestNG.run(TestNG.java:1017)
at org.apache.maven.surefire.testng.TestNGExecutor.run(TestNGExecutor.java:135)
at org.apache.maven.surefire.testng.TestNGDirectoryTestSuite.executeMulti(TestNGDirectoryTestSuite.java:193)
at org.apache.maven.surefire.testng.TestNGDirectoryTestSuite.execute(TestNGDirectoryTestSuite.java:94)
at org.apache.maven.surefire.testng.TestNGProvider.invoke(TestNGProvider.java:146)
at org.apache.maven.surefire.booter.ForkedBooter.invokeProviderInSameClassLoader(ForkedBooter.java:383)
at org.apache.maven.surefire.booter.ForkedBooter.runSuitesInProcess(ForkedBooter.java:344)
at org.apache.maven.surefire.booter.ForkedBooter.execute(ForkedBooter.java:125)
at org.apache.maven.surefire.booter.ForkedBooter.main(ForkedBooter.java:417)
]]>
            </full-stacktrace>
          </exception> <!-- com.mongodb.MongoTimeoutException -->
          <reporter-output>
            <line>
              <![CDATA[TestMongoDB: insert Language List Test]]>
            </line>
            <line>
              <![CDATA[TestMongoDB: inser Data Into Database]]>
            </line>
          </reporter-output>
        </test-method> <!-- insertLanguageListTest -->
        <test-method status="PASS" signature="afterEachTestMethod(org.testng.ITestResult)[pri:0, instance:databaseTest.TestMongoDB@42dafa95]" name="afterEachTestMethod" is-config="true" duration-ms="1472" started-at="2018-10-05T21:40:13Z" finished-at="2018-10-05T21:40:15Z">
          <params>
            <param index="0">
              <value>
                <![CDATA[[TestResult name=insertLanguageListTest status=FAILURE method=TestMongoDB.insertLanguageListTest()[pri:0, instance:databaseTest.TestMongoDB@42dafa95] output=TestMongoDB: insert Language List Test]]]>
              </value>
            </param>
          </params>
          <reporter-output>
          </reporter-output>
        </test-method> <!-- afterEachTestMethod -->
        <test-method status="PASS" signature="cleanUp()[pri:0, instance:databaseTest.TestMongoDB@42dafa95]" name="cleanUp" is-config="true" duration-ms="0" started-at="2018-10-05T21:40:15Z" finished-at="2018-10-05T21:40:15Z">
          <reporter-output>
          </reporter-output>
        </test-method> <!-- cleanUp -->
        <test-method status="PASS" signature="setUp(boolean, java.lang.String, java.lang.String, java.lang.String, java.lang.String, java.lang.String, java.lang.String)[pri:0, instance:databaseTest.TestMongoDB@42dafa95]" name="setUp" is-config="true" duration-ms="8617" started-at="2018-10-05T21:40:15Z" finished-at="2018-10-05T21:40:23Z">
          <params>
            <param index="0">
              <value>
                <![CDATA[false]]>
              </value>
            </param>
            <param index="1">
              <value>
                <![CDATA[false]]>
              </value>
            </param>
            <param index="2">
              <value>
                <![CDATA[windows]]>
              </value>
            </param>
            <param index="3">
              <value>
                <![CDATA[10]]>
              </value>
            </param>
            <param index="4">
              <value>
                <![CDATA[chrome-options]]>
              </value>
            </param>
            <param index="5">
              <value>
                <![CDATA[60]]>
              </value>
            </param>
            <param index="6">
              <value>
                <![CDATA[http://www.mta.info]]>
              </value>
            </param>
          </params>
          <reporter-output>
          </reporter-output>
        </test-method> <!-- setUp -->
        <test-method status="FAIL" signature="readDataTest()[pri:0, instance:databaseTest.TestMongoDB@42dafa95]" name="readDataTest" duration-ms="30137" started-at="2018-10-05T21:40:23Z" finished-at="2018-10-05T21:40:53Z">
          <exception class="com.mongodb.MongoTimeoutException">
            <message>
              <![CDATA[Timed out after 30000 ms while waiting for a server that matches ReadPreferenceServerSelector{readPreference=primary}. Client view of cluster state is {type=UNKNOWN, servers=[{address=127.0.0.1:27017, type=UNKNOWN, state=CONNECTING, exception={com.mongodb.MongoSocketOpenException: Exception opening socket}, caused by {java.net.ConnectException: Connection refused: connect}}]]]>
            </message>
            <full-stacktrace>
              <![CDATA[com.mongodb.MongoTimeoutException: Timed out after 30000 ms while waiting for a server that matches ReadPreferenceServerSelector{readPreference=primary}. Client view of cluster state is {type=UNKNOWN, servers=[{address=127.0.0.1:27017, type=UNKNOWN, state=CONNECTING, exception={com.mongodb.MongoSocketOpenException: Exception opening socket}, caused by {java.net.ConnectException: Connection refused: connect}}]
at com.mongodb.connection.BaseCluster.createTimeoutException(BaseCluster.java:375)
at com.mongodb.connection.BaseCluster.selectServer(BaseCluster.java:104)
at com.mongodb.binding.ClusterBinding$ClusterBindingConnectionSource.<init>(ClusterBinding.java:75)
at com.mongodb.binding.ClusterBinding$ClusterBindingConnectionSource.<init>(ClusterBinding.java:71)
at com.mongodb.binding.ClusterBinding.getReadConnectionSource(ClusterBinding.java:63)
at com.mongodb.operation.OperationHelper.withConnection(OperationHelper.java:400)
at com.mongodb.operation.FindOperation.execute(FindOperation.java:709)
at com.mongodb.operation.FindOperation.execute(FindOperation.java:81)
at com.mongodb.Mongo.execute(Mongo.java:811)
at com.mongodb.Mongo$2.execute(Mongo.java:798)
at com.mongodb.OperationIterable.iterator(OperationIterable.java:47)
at com.mongodb.FindIterableImpl.iterator(FindIterableImpl.java:200)
at databases.ConnectToMongoDB.readLanguageListFromMongoDB(ConnectToMongoDB.java:48)
at pages.DatabaseData.readData(DatabaseData.java:36)
at databaseTest.TestMongoDB.readDataTest(TestMongoDB.java:28)
at sun.reflect.NativeMethodAccessorImpl.invoke0(Native Method)
at sun.reflect.NativeMethodAccessorImpl.invoke(NativeMethodAccessorImpl.java:62)
at sun.reflect.DelegatingMethodAccessorImpl.invoke(DelegatingMethodAccessorImpl.java:43)
at java.lang.reflect.Method.invoke(Method.java:498)
at org.testng.internal.MethodInvocationHelper.invokeMethod(MethodInvocationHelper.java:124)
at org.testng.internal.Invoker.invokeMethod(Invoker.java:583)
at org.testng.internal.Invoker.invokeTestMethod(Invoker.java:719)
at org.testng.internal.Invoker.invokeTestMethods(Invoker.java:989)
at org.testng.internal.TestMethodWorker.invokeTestMethods(TestMethodWorker.java:125)
at org.testng.internal.TestMethodWorker.run(TestMethodWorker.java:109)
at org.testng.TestRunner.privateRun(TestRunner.java:648)
at org.testng.TestRunner.run(TestRunner.java:505)
at org.testng.SuiteRunner.runTest(SuiteRunner.java:455)
at org.testng.SuiteRunner.runSequentially(SuiteRunner.java:450)
at org.testng.SuiteRunner.privateRun(SuiteRunner.java:415)
at org.testng.SuiteRunner.run(SuiteRunner.java:364)
at org.testng.SuiteRunnerWorker.runSuite(SuiteRunnerWorker.java:52)
at org.testng.SuiteRunnerWorker.run(SuiteRunnerWorker.java:84)
at org.testng.TestNG.runSuitesSequentially(TestNG.java:1208)
at org.testng.TestNG.runSuitesLocally(TestNG.java:1137)
at org.testng.TestNG.runSuites(TestNG.java:1049)
at org.testng.TestNG.run(TestNG.java:1017)
at org.apache.maven.surefire.testng.TestNGExecutor.run(TestNGExecutor.java:135)
at org.apache.maven.surefire.testng.TestNGDirectoryTestSuite.executeMulti(TestNGDirectoryTestSuite.java:193)
at org.apache.maven.surefire.testng.TestNGDirectoryTestSuite.execute(TestNGDirectoryTestSuite.java:94)
at org.apache.maven.surefire.testng.TestNGProvider.invoke(TestNGProvider.java:146)
at org.apache.maven.surefire.booter.ForkedBooter.invokeProviderInSameClassLoader(ForkedBooter.java:383)
at org.apache.maven.surefire.booter.ForkedBooter.runSuitesInProcess(ForkedBooter.java:344)
at org.apache.maven.surefire.booter.ForkedBooter.execute(ForkedBooter.java:125)
at org.apache.maven.surefire.booter.ForkedBooter.main(ForkedBooter.java:417)
]]>
            </full-stacktrace>
          </exception> <!-- com.mongodb.MongoTimeoutException -->
          <reporter-output>
            <line>
              <![CDATA[TestMongoDB: read Data Test]]>
            </line>
            <line>
              <![CDATA[TestMongoDB: read Data]]>
            </line>
          </reporter-output>
        </test-method> <!-- readDataTest -->
        <test-method status="PASS" signature="startExtent(java.lang.reflect.Method)[pri:0, instance:databaseTest.TestMongoDB@42dafa95]" name="startExtent" is-config="true" duration-ms="0" started-at="2018-10-05T21:40:23Z" finished-at="2018-10-05T21:40:23Z">
          <params>
            <param index="0">
              <value>
                <![CDATA[public void databaseTest.TestMongoDB.readDataTest()]]>
              </value>
            </param>
          </params>
          <reporter-output>
          </reporter-output>
        </test-method> <!-- startExtent -->
        <test-method status="PASS" signature="init()[pri:0, instance:databaseTest.TestMongoDB@42dafa95]" name="init" is-config="true" duration-ms="0" started-at="2018-10-05T21:40:23Z" finished-at="2018-10-05T21:40:23Z">
          <reporter-output>
          </reporter-output>
        </test-method> <!-- init -->
        <test-method status="PASS" signature="afterEachTestMethod(org.testng.ITestResult)[pri:0, instance:databaseTest.TestMongoDB@42dafa95]" name="afterEachTestMethod" is-config="true" duration-ms="1415" started-at="2018-10-05T21:40:53Z" finished-at="2018-10-05T21:40:55Z">
          <params>
            <param index="0">
              <value>
                <![CDATA[[TestResult name=readDataTest status=FAILURE method=TestMongoDB.readDataTest()[pri:0, instance:databaseTest.TestMongoDB@42dafa95] output=TestMongoDB: read Data Test]]]>
              </value>
            </param>
          </params>
          <reporter-output>
          </reporter-output>
        </test-method> <!-- afterEachTestMethod -->
        <test-method status="PASS" signature="cleanUp()[pri:0, instance:databaseTest.TestMongoDB@42dafa95]" name="cleanUp" is-config="true" duration-ms="0" started-at="2018-10-05T21:40:55Z" finished-at="2018-10-05T21:40:55Z">
          <reporter-output>
          </reporter-output>
        </test-method> <!-- cleanUp -->
        <test-method status="PASS" signature="generateReport()[pri:0, instance:databaseTest.TestMongoDB@42dafa95]" name="generateReport" is-config="true" duration-ms="52" started-at="2018-10-05T21:50:03Z" finished-at="2018-10-05T21:50:03Z">
          <reporter-output>
          </reporter-output>
        </test-method> <!-- generateReport -->
      </class> <!-- databaseTest.TestMongoDB -->
    </test> <!-- Surefire test -->
  </suite> <!-- Surefire suite -->
</testng-results>
